{"C:\\Users\\Administrator\\Desktop\\novel_pipeline\\packages\\orchestrator\\src\\status.ts": {"path":"C:\\Users\\Administrator\\Desktop\\novel_pipeline\\packages\\orchestrator\\src\\status.ts","all":true,"statementMap":{"0":{"start":{"line":1,"column":0},"end":{"line":1,"column":3}},"21":{"start":{"line":22,"column":0},"end":{"line":22,"column":63}},"22":{"start":{"line":23,"column":0},"end":{"line":23,"column":63}},"31":{"start":{"line":32,"column":0},"end":{"line":32,"column":28}},"32":{"start":{"line":33,"column":0},"end":{"line":33,"column":62}},"33":{"start":{"line":34,"column":0},"end":{"line":34,"column":53}},"34":{"start":{"line":35,"column":0},"end":{"line":35,"column":2}},"37":{"start":{"line":38,"column":0},"end":{"line":38,"column":66}},"38":{"start":{"line":39,"column":0},"end":{"line":39,"column":60}},"39":{"start":{"line":40,"column":0},"end":{"line":40,"column":67}},"40":{"start":{"line":41,"column":0},"end":{"line":41,"column":35}},"41":{"start":{"line":42,"column":0},"end":{"line":42,"column":56}},"42":{"start":{"line":43,"column":0},"end":{"line":43,"column":10}},"43":{"start":{"line":44,"column":0},"end":{"line":44,"column":52}},"44":{"start":{"line":45,"column":0},"end":{"line":45,"column":3}},"45":{"start":{"line":46,"column":0},"end":{"line":46,"column":1}},"48":{"start":{"line":49,"column":0},"end":{"line":49,"column":38}},"49":{"start":{"line":50,"column":0},"end":{"line":50,"column":42}},"50":{"start":{"line":51,"column":0},"end":{"line":51,"column":53}},"51":{"start":{"line":52,"column":0},"end":{"line":52,"column":31}},"52":{"start":{"line":53,"column":0},"end":{"line":53,"column":9}},"53":{"start":{"line":54,"column":0},"end":{"line":54,"column":45}},"54":{"start":{"line":55,"column":0},"end":{"line":55,"column":18}},"55":{"start":{"line":56,"column":0},"end":{"line":56,"column":134}},"56":{"start":{"line":57,"column":0},"end":{"line":57,"column":8}},"57":{"start":{"line":58,"column":0},"end":{"line":58,"column":19}},"58":{"start":{"line":59,"column":0},"end":{"line":59,"column":67}},"59":{"start":{"line":60,"column":0},"end":{"line":60,"column":49}},"60":{"start":{"line":61,"column":0},"end":{"line":61,"column":5}},"61":{"start":{"line":62,"column":0},"end":{"line":62,"column":3}},"62":{"start":{"line":63,"column":0},"end":{"line":63,"column":1}},"65":{"start":{"line":66,"column":0},"end":{"line":66,"column":14}},"66":{"start":{"line":67,"column":0},"end":{"line":67,"column":72}},"67":{"start":{"line":68,"column":0},"end":{"line":68,"column":43}},"68":{"start":{"line":69,"column":0},"end":{"line":69,"column":41}},"70":{"start":{"line":71,"column":0},"end":{"line":71,"column":13}},"71":{"start":{"line":72,"column":0},"end":{"line":72,"column":25}},"72":{"start":{"line":73,"column":0},"end":{"line":73,"column":34}},"73":{"start":{"line":74,"column":0},"end":{"line":74,"column":20}},"74":{"start":{"line":75,"column":0},"end":{"line":75,"column":5}},"75":{"start":{"line":76,"column":0},"end":{"line":76,"column":1}}},"s":{"0":0,"21":0,"22":0,"31":0,"32":0,"33":0,"34":0,"37":0,"38":0,"39":0,"40":0,"41":0,"42":0,"43":0,"44":0,"45":0,"48":0,"49":0,"50":0,"51":0,"52":0,"53":0,"54":0,"55":0,"56":0,"57":0,"58":0,"59":0,"60":0,"61":0,"62":0,"65":0,"66":0,"67":0,"68":0,"70":0,"71":0,"72":0,"73":0,"74":0,"75":0},"branchMap":{"0":{"type":"branch","line":1,"loc":{"start":{"line":1,"column":2149},"end":{"line":78,"column":30}},"locations":[{"start":{"line":1,"column":2149},"end":{"line":78,"column":30}}]}},"b":{"0":[0]},"fnMap":{"0":{"name":"(empty-report)","decl":{"start":{"line":1,"column":2149},"end":{"line":78,"column":30}},"loc":{"start":{"line":1,"column":2149},"end":{"line":78,"column":30}},"line":1}},"f":{"0":0}}
,"C:\\Users\\Administrator\\Desktop\\novel_pipeline\\packages\\runners\\src\\adapt-runner.ts": {"path":"C:\\Users\\Administrator\\Desktop\\novel_pipeline\\packages\\runners\\src\\adapt-runner.ts","all":true,"statementMap":{"0":{"start":{"line":1,"column":0},"end":{"line":1,"column":3}},"52":{"start":{"line":53,"column":0},"end":{"line":53,"column":63}},"53":{"start":{"line":54,"column":0},"end":{"line":54,"column":63}},"56":{"start":{"line":57,"column":0},"end":{"line":57,"column":36}},"57":{"start":{"line":58,"column":0},"end":{"line":58,"column":55}},"58":{"start":{"line":59,"column":0},"end":{"line":59,"column":46}},"59":{"start":{"line":60,"column":0},"end":{"line":60,"column":1}},"63":{"start":{"line":64,"column":0},"end":{"line":64,"column":27}},"66":{"start":{"line":67,"column":0},"end":{"line":67,"column":73}},"67":{"start":{"line":68,"column":0},"end":{"line":68,"column":34}},"68":{"start":{"line":69,"column":0},"end":{"line":69,"column":46}},"69":{"start":{"line":70,"column":0},"end":{"line":70,"column":3}},"70":{"start":{"line":71,"column":0},"end":{"line":71,"column":22}},"71":{"start":{"line":72,"column":0},"end":{"line":72,"column":59}},"72":{"start":{"line":73,"column":0},"end":{"line":73,"column":33}},"73":{"start":{"line":74,"column":0},"end":{"line":74,"column":10}},"74":{"start":{"line":75,"column":0},"end":{"line":75,"column":14}},"75":{"start":{"line":76,"column":0},"end":{"line":76,"column":54}},"76":{"start":{"line":77,"column":0},"end":{"line":77,"column":37}},"77":{"start":{"line":78,"column":0},"end":{"line":78,"column":26}},"78":{"start":{"line":79,"column":0},"end":{"line":79,"column":3}},"79":{"start":{"line":80,"column":0},"end":{"line":80,"column":91}},"80":{"start":{"line":81,"column":0},"end":{"line":81,"column":31}},"81":{"start":{"line":82,"column":0},"end":{"line":82,"column":14}},"82":{"start":{"line":83,"column":0},"end":{"line":83,"column":21}},"83":{"start":{"line":84,"column":0},"end":{"line":84,"column":11}},"84":{"start":{"line":85,"column":0},"end":{"line":85,"column":39}},"85":{"start":{"line":86,"column":0},"end":{"line":86,"column":23}},"86":{"start":{"line":87,"column":0},"end":{"line":87,"column":26}},"87":{"start":{"line":88,"column":0},"end":{"line":88,"column":22}},"88":{"start":{"line":89,"column":0},"end":{"line":89,"column":24}},"89":{"start":{"line":90,"column":0},"end":{"line":90,"column":25}},"90":{"start":{"line":91,"column":0},"end":{"line":91,"column":7}},"91":{"start":{"line":92,"column":0},"end":{"line":92,"column":42}},"92":{"start":{"line":93,"column":0},"end":{"line":93,"column":1}},"95":{"start":{"line":96,"column":0},"end":{"line":96,"column":70}},"96":{"start":{"line":97,"column":0},"end":{"line":97,"column":44}},"97":{"start":{"line":98,"column":0},"end":{"line":98,"column":52}},"98":{"start":{"line":99,"column":0},"end":{"line":99,"column":91}},"99":{"start":{"line":100,"column":0},"end":{"line":100,"column":18}},"100":{"start":{"line":101,"column":0},"end":{"line":101,"column":53}},"101":{"start":{"line":102,"column":0},"end":{"line":102,"column":30}},"102":{"start":{"line":103,"column":0},"end":{"line":103,"column":23}},"103":{"start":{"line":104,"column":0},"end":{"line":104,"column":56}},"104":{"start":{"line":105,"column":0},"end":{"line":105,"column":31}},"105":{"start":{"line":106,"column":0},"end":{"line":106,"column":30}},"106":{"start":{"line":107,"column":0},"end":{"line":107,"column":46}},"107":{"start":{"line":108,"column":0},"end":{"line":108,"column":12}},"108":{"start":{"line":109,"column":0},"end":{"line":109,"column":11}},"109":{"start":{"line":110,"column":0},"end":{"line":110,"column":11}},"110":{"start":{"line":111,"column":0},"end":{"line":111,"column":45}},"111":{"start":{"line":112,"column":0},"end":{"line":112,"column":89}},"112":{"start":{"line":113,"column":0},"end":{"line":113,"column":12}},"113":{"start":{"line":114,"column":0},"end":{"line":114,"column":6}},"114":{"start":{"line":115,"column":0},"end":{"line":115,"column":5}},"115":{"start":{"line":116,"column":0},"end":{"line":116,"column":1}},"118":{"start":{"line":119,"column":0},"end":{"line":119,"column":48}},"119":{"start":{"line":120,"column":0},"end":{"line":120,"column":7}},"120":{"start":{"line":121,"column":0},"end":{"line":121,"column":47}},"121":{"start":{"line":122,"column":0},"end":{"line":122,"column":52}},"122":{"start":{"line":123,"column":0},"end":{"line":123,"column":11}},"123":{"start":{"line":124,"column":0},"end":{"line":124,"column":17}},"124":{"start":{"line":125,"column":0},"end":{"line":125,"column":3}},"125":{"start":{"line":126,"column":0},"end":{"line":126,"column":1}},"127":{"start":{"line":128,"column":0},"end":{"line":128,"column":52}},"128":{"start":{"line":129,"column":0},"end":{"line":129,"column":52}},"129":{"start":{"line":130,"column":0},"end":{"line":130,"column":1}},"132":{"start":{"line":133,"column":0},"end":{"line":133,"column":67}},"133":{"start":{"line":134,"column":0},"end":{"line":134,"column":47}},"134":{"start":{"line":135,"column":0},"end":{"line":135,"column":41}},"136":{"start":{"line":137,"column":0},"end":{"line":137,"column":36}},"138":{"start":{"line":139,"column":0},"end":{"line":139,"column":46}},"139":{"start":{"line":140,"column":0},"end":{"line":140,"column":7}},"140":{"start":{"line":141,"column":0},"end":{"line":141,"column":58}},"141":{"start":{"line":142,"column":0},"end":{"line":142,"column":47}},"142":{"start":{"line":143,"column":0},"end":{"line":143,"column":16}},"143":{"start":{"line":144,"column":0},"end":{"line":144,"column":17}},"144":{"start":{"line":145,"column":0},"end":{"line":145,"column":9}},"145":{"start":{"line":146,"column":0},"end":{"line":146,"column":29}},"146":{"start":{"line":147,"column":0},"end":{"line":147,"column":13}},"148":{"start":{"line":149,"column":0},"end":{"line":149,"column":5}},"149":{"start":{"line":150,"column":0},"end":{"line":150,"column":72}},"150":{"start":{"line":151,"column":0},"end":{"line":151,"column":14}},"151":{"start":{"line":152,"column":0},"end":{"line":152,"column":3}},"152":{"start":{"line":153,"column":0},"end":{"line":153,"column":1}},"156":{"start":{"line":157,"column":0},"end":{"line":157,"column":70}},"157":{"start":{"line":158,"column":0},"end":{"line":158,"column":68}},"158":{"start":{"line":159,"column":0},"end":{"line":159,"column":1}},"160":{"start":{"line":161,"column":0},"end":{"line":161,"column":77}},"161":{"start":{"line":162,"column":0},"end":{"line":162,"column":44}},"162":{"start":{"line":163,"column":0},"end":{"line":163,"column":7}},"163":{"start":{"line":164,"column":0},"end":{"line":164,"column":27}},"164":{"start":{"line":165,"column":0},"end":{"line":165,"column":52}},"165":{"start":{"line":166,"column":0},"end":{"line":166,"column":54}},"166":{"start":{"line":167,"column":0},"end":{"line":167,"column":5}},"167":{"start":{"line":168,"column":0},"end":{"line":168,"column":11}},"169":{"start":{"line":170,"column":0},"end":{"line":170,"column":3}},"170":{"start":{"line":171,"column":0},"end":{"line":171,"column":14}},"171":{"start":{"line":172,"column":0},"end":{"line":172,"column":1}},"173":{"start":{"line":174,"column":0},"end":{"line":174,"column":81}},"174":{"start":{"line":175,"column":0},"end":{"line":175,"column":44}},"175":{"start":{"line":176,"column":0},"end":{"line":176,"column":53}},"176":{"start":{"line":177,"column":0},"end":{"line":177,"column":35}},"177":{"start":{"line":178,"column":0},"end":{"line":178,"column":1}},"179":{"start":{"line":180,"column":0},"end":{"line":180,"column":70}},"180":{"start":{"line":181,"column":0},"end":{"line":181,"column":44}},"181":{"start":{"line":182,"column":0},"end":{"line":182,"column":7}},"182":{"start":{"line":183,"column":0},"end":{"line":183,"column":21}},"183":{"start":{"line":184,"column":0},"end":{"line":184,"column":11}},"185":{"start":{"line":186,"column":0},"end":{"line":186,"column":3}},"186":{"start":{"line":187,"column":0},"end":{"line":187,"column":1}},"203":{"start":{"line":204,"column":0},"end":{"line":204,"column":49}},"204":{"start":{"line":205,"column":0},"end":{"line":205,"column":55}},"205":{"start":{"line":206,"column":0},"end":{"line":206,"column":36}},"206":{"start":{"line":207,"column":0},"end":{"line":207,"column":24}},"207":{"start":{"line":208,"column":0},"end":{"line":208,"column":26}},"209":{"start":{"line":210,"column":0},"end":{"line":210,"column":31}},"210":{"start":{"line":211,"column":0},"end":{"line":211,"column":46}},"211":{"start":{"line":212,"column":0},"end":{"line":212,"column":55}},"212":{"start":{"line":213,"column":0},"end":{"line":213,"column":37}},"213":{"start":{"line":214,"column":0},"end":{"line":214,"column":38}},"214":{"start":{"line":215,"column":0},"end":{"line":215,"column":44}},"215":{"start":{"line":216,"column":0},"end":{"line":216,"column":3}},"217":{"start":{"line":218,"column":0},"end":{"line":218,"column":10}},"218":{"start":{"line":219,"column":0},"end":{"line":219,"column":9}},"219":{"start":{"line":220,"column":0},"end":{"line":220,"column":31}},"220":{"start":{"line":221,"column":0},"end":{"line":221,"column":18}},"221":{"start":{"line":222,"column":0},"end":{"line":222,"column":20}},"222":{"start":{"line":223,"column":0},"end":{"line":223,"column":4}},"223":{"start":{"line":224,"column":0},"end":{"line":224,"column":1}},"233":{"start":{"line":234,"column":0},"end":{"line":234,"column":30}},"234":{"start":{"line":235,"column":0},"end":{"line":235,"column":13}},"235":{"start":{"line":236,"column":0},"end":{"line":236,"column":17}},"236":{"start":{"line":237,"column":0},"end":{"line":237,"column":19}},"237":{"start":{"line":238,"column":0},"end":{"line":238,"column":27}},"239":{"start":{"line":240,"column":0},"end":{"line":240,"column":51}},"240":{"start":{"line":241,"column":0},"end":{"line":241,"column":54}},"241":{"start":{"line":242,"column":0},"end":{"line":242,"column":31}},"244":{"start":{"line":245,"column":0},"end":{"line":245,"column":57}},"247":{"start":{"line":248,"column":0},"end":{"line":248,"column":50}},"248":{"start":{"line":249,"column":0},"end":{"line":249,"column":52}},"250":{"start":{"line":251,"column":0},"end":{"line":251,"column":25}},"252":{"start":{"line":253,"column":0},"end":{"line":253,"column":42}},"254":{"start":{"line":255,"column":0},"end":{"line":255,"column":64}},"255":{"start":{"line":256,"column":0},"end":{"line":256,"column":34}},"256":{"start":{"line":257,"column":0},"end":{"line":257,"column":24}},"257":{"start":{"line":258,"column":0},"end":{"line":258,"column":54}},"258":{"start":{"line":259,"column":0},"end":{"line":259,"column":59}},"259":{"start":{"line":260,"column":0},"end":{"line":260,"column":64}},"260":{"start":{"line":261,"column":0},"end":{"line":261,"column":14}},"261":{"start":{"line":262,"column":0},"end":{"line":262,"column":7}},"262":{"start":{"line":263,"column":0},"end":{"line":263,"column":34}},"263":{"start":{"line":264,"column":0},"end":{"line":264,"column":24}},"264":{"start":{"line":265,"column":0},"end":{"line":265,"column":17}},"265":{"start":{"line":266,"column":0},"end":{"line":266,"column":7}},"266":{"start":{"line":267,"column":0},"end":{"line":267,"column":5}},"268":{"start":{"line":269,"column":0},"end":{"line":269,"column":55}},"269":{"start":{"line":270,"column":0},"end":{"line":270,"column":62}},"270":{"start":{"line":271,"column":0},"end":{"line":271,"column":23}},"271":{"start":{"line":272,"column":0},"end":{"line":272,"column":5}},"272":{"start":{"line":273,"column":0},"end":{"line":273,"column":3}},"275":{"start":{"line":276,"column":0},"end":{"line":276,"column":30}},"276":{"start":{"line":277,"column":0},"end":{"line":277,"column":93}},"278":{"start":{"line":279,"column":0},"end":{"line":279,"column":62}},"279":{"start":{"line":280,"column":0},"end":{"line":280,"column":1}},"283":{"start":{"line":284,"column":0},"end":{"line":284,"column":75}},"284":{"start":{"line":285,"column":0},"end":{"line":285,"column":79}},"286":{"start":{"line":287,"column":0},"end":{"line":287,"column":48}},"288":{"start":{"line":289,"column":0},"end":{"line":289,"column":64}},"289":{"start":{"line":290,"column":0},"end":{"line":290,"column":54}},"290":{"start":{"line":291,"column":0},"end":{"line":291,"column":62}},"291":{"start":{"line":292,"column":0},"end":{"line":292,"column":54}},"294":{"start":{"line":295,"column":0},"end":{"line":295,"column":78}},"295":{"start":{"line":296,"column":0},"end":{"line":296,"column":78}},"296":{"start":{"line":297,"column":0},"end":{"line":297,"column":35}},"297":{"start":{"line":298,"column":0},"end":{"line":298,"column":63}},"298":{"start":{"line":299,"column":0},"end":{"line":299,"column":3}},"300":{"start":{"line":301,"column":0},"end":{"line":301,"column":68}},"301":{"start":{"line":302,"column":0},"end":{"line":302,"column":44}},"302":{"start":{"line":303,"column":0},"end":{"line":303,"column":45}},"303":{"start":{"line":304,"column":0},"end":{"line":304,"column":43}},"304":{"start":{"line":305,"column":0},"end":{"line":305,"column":14}},"305":{"start":{"line":306,"column":0},"end":{"line":306,"column":89}},"306":{"start":{"line":307,"column":0},"end":{"line":307,"column":4}},"307":{"start":{"line":308,"column":0},"end":{"line":308,"column":42}},"308":{"start":{"line":309,"column":0},"end":{"line":309,"column":44}},"309":{"start":{"line":310,"column":0},"end":{"line":310,"column":58}},"310":{"start":{"line":311,"column":0},"end":{"line":311,"column":14}},"311":{"start":{"line":312,"column":0},"end":{"line":312,"column":89}},"312":{"start":{"line":313,"column":0},"end":{"line":313,"column":4}},"313":{"start":{"line":314,"column":0},"end":{"line":314,"column":41}},"314":{"start":{"line":315,"column":0},"end":{"line":315,"column":46}},"315":{"start":{"line":316,"column":0},"end":{"line":316,"column":76}},"316":{"start":{"line":317,"column":0},"end":{"line":317,"column":65}},"317":{"start":{"line":318,"column":0},"end":{"line":318,"column":35}},"318":{"start":{"line":319,"column":0},"end":{"line":319,"column":70}},"319":{"start":{"line":320,"column":0},"end":{"line":320,"column":66}},"320":{"start":{"line":321,"column":0},"end":{"line":321,"column":3}},"321":{"start":{"line":322,"column":0},"end":{"line":322,"column":71}},"322":{"start":{"line":323,"column":0},"end":{"line":323,"column":76}},"324":{"start":{"line":325,"column":0},"end":{"line":325,"column":15}},"325":{"start":{"line":326,"column":0},"end":{"line":326,"column":49}},"326":{"start":{"line":327,"column":0},"end":{"line":327,"column":12}},"327":{"start":{"line":328,"column":0},"end":{"line":328,"column":31}},"328":{"start":{"line":329,"column":0},"end":{"line":329,"column":27}},"329":{"start":{"line":330,"column":0},"end":{"line":330,"column":26}},"330":{"start":{"line":331,"column":0},"end":{"line":331,"column":14}},"331":{"start":{"line":332,"column":0},"end":{"line":332,"column":16}},"332":{"start":{"line":333,"column":0},"end":{"line":333,"column":6}},"333":{"start":{"line":334,"column":0},"end":{"line":334,"column":3}},"335":{"start":{"line":336,"column":0},"end":{"line":336,"column":51}},"336":{"start":{"line":337,"column":0},"end":{"line":337,"column":58}},"337":{"start":{"line":338,"column":0},"end":{"line":338,"column":3}},"338":{"start":{"line":339,"column":0},"end":{"line":339,"column":25}},"339":{"start":{"line":340,"column":0},"end":{"line":340,"column":26}},"340":{"start":{"line":341,"column":0},"end":{"line":341,"column":89}},"341":{"start":{"line":342,"column":0},"end":{"line":342,"column":3}},"343":{"start":{"line":344,"column":0},"end":{"line":344,"column":43}},"344":{"start":{"line":345,"column":0},"end":{"line":345,"column":44}},"345":{"start":{"line":346,"column":0},"end":{"line":346,"column":49}},"346":{"start":{"line":347,"column":0},"end":{"line":347,"column":22}},"347":{"start":{"line":348,"column":0},"end":{"line":348,"column":13}},"349":{"start":{"line":350,"column":0},"end":{"line":350,"column":81}},"350":{"start":{"line":351,"column":0},"end":{"line":351,"column":27}},"351":{"start":{"line":352,"column":0},"end":{"line":352,"column":55}},"352":{"start":{"line":353,"column":0},"end":{"line":353,"column":3}},"354":{"start":{"line":355,"column":0},"end":{"line":355,"column":40}},"355":{"start":{"line":356,"column":0},"end":{"line":356,"column":53}},"356":{"start":{"line":357,"column":0},"end":{"line":357,"column":54}},"358":{"start":{"line":359,"column":0},"end":{"line":359,"column":15}},"359":{"start":{"line":360,"column":0},"end":{"line":360,"column":17}},"360":{"start":{"line":361,"column":0},"end":{"line":361,"column":20}},"363":{"start":{"line":364,"column":0},"end":{"line":364,"column":82}},"364":{"start":{"line":365,"column":0},"end":{"line":365,"column":22}},"365":{"start":{"line":366,"column":0},"end":{"line":366,"column":42}},"366":{"start":{"line":367,"column":0},"end":{"line":367,"column":27}},"367":{"start":{"line":368,"column":0},"end":{"line":368,"column":26}},"368":{"start":{"line":369,"column":0},"end":{"line":369,"column":40}},"369":{"start":{"line":370,"column":0},"end":{"line":370,"column":90}},"370":{"start":{"line":371,"column":0},"end":{"line":371,"column":24}},"372":{"start":{"line":373,"column":0},"end":{"line":373,"column":16}},"373":{"start":{"line":374,"column":0},"end":{"line":374,"column":25}},"374":{"start":{"line":375,"column":0},"end":{"line":375,"column":95}},"375":{"start":{"line":376,"column":0},"end":{"line":376,"column":29}},"376":{"start":{"line":377,"column":0},"end":{"line":377,"column":9}},"377":{"start":{"line":378,"column":0},"end":{"line":378,"column":25}},"378":{"start":{"line":379,"column":0},"end":{"line":379,"column":24}},"379":{"start":{"line":380,"column":0},"end":{"line":380,"column":12}},"380":{"start":{"line":381,"column":0},"end":{"line":381,"column":39}},"381":{"start":{"line":382,"column":0},"end":{"line":382,"column":5}},"382":{"start":{"line":383,"column":0},"end":{"line":383,"column":18}},"383":{"start":{"line":384,"column":0},"end":{"line":384,"column":16}},"384":{"start":{"line":385,"column":0},"end":{"line":385,"column":3}},"387":{"start":{"line":388,"column":0},"end":{"line":388,"column":98}},"388":{"start":{"line":389,"column":0},"end":{"line":389,"column":90}},"389":{"start":{"line":390,"column":0},"end":{"line":390,"column":51}},"391":{"start":{"line":392,"column":0},"end":{"line":392,"column":59}},"392":{"start":{"line":393,"column":0},"end":{"line":393,"column":24}},"393":{"start":{"line":394,"column":0},"end":{"line":394,"column":61}},"394":{"start":{"line":395,"column":0},"end":{"line":395,"column":7}},"396":{"start":{"line":397,"column":0},"end":{"line":397,"column":23}},"397":{"start":{"line":398,"column":0},"end":{"line":398,"column":28}},"398":{"start":{"line":399,"column":0},"end":{"line":399,"column":11}},"399":{"start":{"line":400,"column":0},"end":{"line":400,"column":58}},"400":{"start":{"line":401,"column":0},"end":{"line":401,"column":22}},"401":{"start":{"line":402,"column":0},"end":{"line":402,"column":30}},"402":{"start":{"line":403,"column":0},"end":{"line":403,"column":21}},"403":{"start":{"line":404,"column":0},"end":{"line":404,"column":49}},"404":{"start":{"line":405,"column":0},"end":{"line":405,"column":62}},"405":{"start":{"line":406,"column":0},"end":{"line":406,"column":17}},"406":{"start":{"line":407,"column":0},"end":{"line":407,"column":7}},"408":{"start":{"line":409,"column":0},"end":{"line":409,"column":28}},"409":{"start":{"line":410,"column":0},"end":{"line":410,"column":42}},"410":{"start":{"line":411,"column":0},"end":{"line":411,"column":17}},"411":{"start":{"line":412,"column":0},"end":{"line":412,"column":32}},"412":{"start":{"line":413,"column":0},"end":{"line":413,"column":7}},"414":{"start":{"line":415,"column":0},"end":{"line":415,"column":25}},"415":{"start":{"line":416,"column":0},"end":{"line":416,"column":41}},"416":{"start":{"line":417,"column":0},"end":{"line":417,"column":17}},"417":{"start":{"line":418,"column":0},"end":{"line":418,"column":55}},"418":{"start":{"line":419,"column":0},"end":{"line":419,"column":9}},"419":{"start":{"line":420,"column":0},"end":{"line":420,"column":22}},"420":{"start":{"line":421,"column":0},"end":{"line":421,"column":7}},"423":{"start":{"line":424,"column":0},"end":{"line":424,"column":37}},"424":{"start":{"line":425,"column":0},"end":{"line":425,"column":70}},"425":{"start":{"line":426,"column":0},"end":{"line":426,"column":58}},"426":{"start":{"line":427,"column":0},"end":{"line":427,"column":28}},"427":{"start":{"line":428,"column":0},"end":{"line":428,"column":18}},"428":{"start":{"line":429,"column":0},"end":{"line":429,"column":17}},"429":{"start":{"line":430,"column":0},"end":{"line":430,"column":7}},"431":{"start":{"line":432,"column":0},"end":{"line":432,"column":21}},"432":{"start":{"line":433,"column":0},"end":{"line":433,"column":41}},"433":{"start":{"line":434,"column":0},"end":{"line":434,"column":7}},"434":{"start":{"line":435,"column":0},"end":{"line":435,"column":5}},"436":{"start":{"line":437,"column":0},"end":{"line":437,"column":35}},"437":{"start":{"line":438,"column":0},"end":{"line":438,"column":13}},"438":{"start":{"line":439,"column":0},"end":{"line":439,"column":20}},"439":{"start":{"line":440,"column":0},"end":{"line":440,"column":3}},"442":{"start":{"line":443,"column":0},"end":{"line":443,"column":100}},"443":{"start":{"line":444,"column":0},"end":{"line":444,"column":65}},"444":{"start":{"line":445,"column":0},"end":{"line":445,"column":51}},"446":{"start":{"line":447,"column":0},"end":{"line":447,"column":59}},"447":{"start":{"line":448,"column":0},"end":{"line":448,"column":23}},"448":{"start":{"line":449,"column":0},"end":{"line":449,"column":11}},"449":{"start":{"line":450,"column":0},"end":{"line":450,"column":58}},"450":{"start":{"line":451,"column":0},"end":{"line":451,"column":22}},"451":{"start":{"line":452,"column":0},"end":{"line":452,"column":21}},"452":{"start":{"line":453,"column":0},"end":{"line":453,"column":49}},"453":{"start":{"line":454,"column":0},"end":{"line":454,"column":46}},"454":{"start":{"line":455,"column":0},"end":{"line":455,"column":17}},"455":{"start":{"line":456,"column":0},"end":{"line":456,"column":7}},"457":{"start":{"line":458,"column":0},"end":{"line":458,"column":28}},"458":{"start":{"line":459,"column":0},"end":{"line":459,"column":49}},"459":{"start":{"line":460,"column":0},"end":{"line":460,"column":21}},"460":{"start":{"line":461,"column":0},"end":{"line":461,"column":7}},"462":{"start":{"line":463,"column":0},"end":{"line":463,"column":51}},"463":{"start":{"line":464,"column":0},"end":{"line":464,"column":39}},"464":{"start":{"line":465,"column":0},"end":{"line":465,"column":22}},"465":{"start":{"line":466,"column":0},"end":{"line":466,"column":40}},"466":{"start":{"line":467,"column":0},"end":{"line":467,"column":56}},"467":{"start":{"line":468,"column":0},"end":{"line":468,"column":52}},"468":{"start":{"line":469,"column":0},"end":{"line":469,"column":19}},"469":{"start":{"line":470,"column":0},"end":{"line":470,"column":20}},"470":{"start":{"line":471,"column":0},"end":{"line":471,"column":11}},"471":{"start":{"line":472,"column":0},"end":{"line":472,"column":9}},"472":{"start":{"line":473,"column":0},"end":{"line":473,"column":51}},"473":{"start":{"line":474,"column":0},"end":{"line":474,"column":20}},"474":{"start":{"line":475,"column":0},"end":{"line":475,"column":7}},"477":{"start":{"line":478,"column":0},"end":{"line":478,"column":37}},"478":{"start":{"line":479,"column":0},"end":{"line":479,"column":70}},"479":{"start":{"line":480,"column":0},"end":{"line":480,"column":60}},"480":{"start":{"line":481,"column":0},"end":{"line":481,"column":28}},"481":{"start":{"line":482,"column":0},"end":{"line":482,"column":18}},"482":{"start":{"line":483,"column":0},"end":{"line":483,"column":17}},"483":{"start":{"line":484,"column":0},"end":{"line":484,"column":7}},"485":{"start":{"line":486,"column":0},"end":{"line":486,"column":10}},"486":{"start":{"line":487,"column":0},"end":{"line":487,"column":96}},"487":{"start":{"line":488,"column":0},"end":{"line":488,"column":8}},"488":{"start":{"line":489,"column":0},"end":{"line":489,"column":5}},"489":{"start":{"line":490,"column":0},"end":{"line":490,"column":17}},"490":{"start":{"line":491,"column":0},"end":{"line":491,"column":3}},"493":{"start":{"line":494,"column":0},"end":{"line":494,"column":42}},"494":{"start":{"line":495,"column":0},"end":{"line":495,"column":34}},"495":{"start":{"line":496,"column":0},"end":{"line":496,"column":34}},"497":{"start":{"line":498,"column":0},"end":{"line":498,"column":77}},"500":{"start":{"line":501,"column":0},"end":{"line":501,"column":73}},"501":{"start":{"line":502,"column":0},"end":{"line":502,"column":26}},"502":{"start":{"line":503,"column":0},"end":{"line":503,"column":40}},"503":{"start":{"line":504,"column":0},"end":{"line":504,"column":11}},"504":{"start":{"line":505,"column":0},"end":{"line":505,"column":92}},"505":{"start":{"line":506,"column":0},"end":{"line":506,"column":26}},"507":{"start":{"line":508,"column":0},"end":{"line":508,"column":38}},"508":{"start":{"line":509,"column":0},"end":{"line":509,"column":71}},"509":{"start":{"line":510,"column":0},"end":{"line":510,"column":64}},"510":{"start":{"line":511,"column":0},"end":{"line":511,"column":51}},"511":{"start":{"line":512,"column":0},"end":{"line":512,"column":14}},"512":{"start":{"line":513,"column":0},"end":{"line":513,"column":75}},"513":{"start":{"line":514,"column":0},"end":{"line":514,"column":12}},"514":{"start":{"line":515,"column":0},"end":{"line":515,"column":33}},"515":{"start":{"line":516,"column":0},"end":{"line":516,"column":44}},"516":{"start":{"line":517,"column":0},"end":{"line":517,"column":43}},"517":{"start":{"line":518,"column":0},"end":{"line":518,"column":16}},"518":{"start":{"line":519,"column":0},"end":{"line":519,"column":20}},"519":{"start":{"line":520,"column":0},"end":{"line":520,"column":29}},"520":{"start":{"line":521,"column":0},"end":{"line":521,"column":99}},"521":{"start":{"line":522,"column":0},"end":{"line":522,"column":33}},"522":{"start":{"line":523,"column":0},"end":{"line":523,"column":13}},"523":{"start":{"line":524,"column":0},"end":{"line":524,"column":29}},"524":{"start":{"line":525,"column":0},"end":{"line":525,"column":28}},"525":{"start":{"line":526,"column":0},"end":{"line":526,"column":27}},"526":{"start":{"line":527,"column":0},"end":{"line":527,"column":9}},"527":{"start":{"line":528,"column":0},"end":{"line":528,"column":21}},"528":{"start":{"line":529,"column":0},"end":{"line":529,"column":51}},"529":{"start":{"line":530,"column":0},"end":{"line":530,"column":31}},"530":{"start":{"line":531,"column":0},"end":{"line":531,"column":42}},"531":{"start":{"line":532,"column":0},"end":{"line":532,"column":41}},"532":{"start":{"line":533,"column":0},"end":{"line":533,"column":7}},"533":{"start":{"line":534,"column":0},"end":{"line":534,"column":12}},"534":{"start":{"line":535,"column":0},"end":{"line":535,"column":39}},"535":{"start":{"line":536,"column":0},"end":{"line":536,"column":19}},"536":{"start":{"line":537,"column":0},"end":{"line":537,"column":5}},"539":{"start":{"line":540,"column":0},"end":{"line":540,"column":88}},"542":{"start":{"line":543,"column":0},"end":{"line":543,"column":38}},"543":{"start":{"line":544,"column":0},"end":{"line":544,"column":32}},"544":{"start":{"line":545,"column":0},"end":{"line":545,"column":69}},"545":{"start":{"line":546,"column":0},"end":{"line":546,"column":63}},"546":{"start":{"line":547,"column":0},"end":{"line":547,"column":10}},"547":{"start":{"line":548,"column":0},"end":{"line":548,"column":96}},"548":{"start":{"line":549,"column":0},"end":{"line":549,"column":8}},"549":{"start":{"line":550,"column":0},"end":{"line":550,"column":7}},"552":{"start":{"line":553,"column":0},"end":{"line":553,"column":49}},"553":{"start":{"line":554,"column":0},"end":{"line":554,"column":32}},"554":{"start":{"line":555,"column":0},"end":{"line":555,"column":36}},"556":{"start":{"line":557,"column":0},"end":{"line":557,"column":63}},"557":{"start":{"line":558,"column":0},"end":{"line":558,"column":38}},"559":{"start":{"line":560,"column":0},"end":{"line":560,"column":11}},"560":{"start":{"line":561,"column":0},"end":{"line":561,"column":55}},"561":{"start":{"line":562,"column":0},"end":{"line":562,"column":38}},"562":{"start":{"line":563,"column":0},"end":{"line":563,"column":36}},"563":{"start":{"line":564,"column":0},"end":{"line":564,"column":42}},"564":{"start":{"line":565,"column":0},"end":{"line":565,"column":32}},"565":{"start":{"line":566,"column":0},"end":{"line":566,"column":24}},"567":{"start":{"line":568,"column":0},"end":{"line":568,"column":35}},"568":{"start":{"line":569,"column":0},"end":{"line":569,"column":40}},"569":{"start":{"line":570,"column":0},"end":{"line":570,"column":41}},"570":{"start":{"line":571,"column":0},"end":{"line":571,"column":41}},"571":{"start":{"line":572,"column":0},"end":{"line":572,"column":65}},"572":{"start":{"line":573,"column":0},"end":{"line":573,"column":51}},"573":{"start":{"line":574,"column":0},"end":{"line":574,"column":15}},"574":{"start":{"line":575,"column":0},"end":{"line":575,"column":13}},"575":{"start":{"line":576,"column":0},"end":{"line":576,"column":55}},"576":{"start":{"line":577,"column":0},"end":{"line":577,"column":11}},"577":{"start":{"line":578,"column":0},"end":{"line":578,"column":16}},"578":{"start":{"line":579,"column":0},"end":{"line":579,"column":78}},"580":{"start":{"line":581,"column":0},"end":{"line":581,"column":33}},"581":{"start":{"line":582,"column":0},"end":{"line":582,"column":38}},"582":{"start":{"line":583,"column":0},"end":{"line":583,"column":39}},"583":{"start":{"line":584,"column":0},"end":{"line":584,"column":39}},"584":{"start":{"line":585,"column":0},"end":{"line":585,"column":63}},"585":{"start":{"line":586,"column":0},"end":{"line":586,"column":49}},"586":{"start":{"line":587,"column":0},"end":{"line":587,"column":13}},"587":{"start":{"line":588,"column":0},"end":{"line":588,"column":11}},"588":{"start":{"line":589,"column":0},"end":{"line":589,"column":20}},"590":{"start":{"line":591,"column":0},"end":{"line":591,"column":43}},"591":{"start":{"line":592,"column":0},"end":{"line":592,"column":66}},"592":{"start":{"line":593,"column":0},"end":{"line":593,"column":41}},"593":{"start":{"line":594,"column":0},"end":{"line":594,"column":62}},"594":{"start":{"line":595,"column":0},"end":{"line":595,"column":41}},"595":{"start":{"line":596,"column":0},"end":{"line":596,"column":38}},"596":{"start":{"line":597,"column":0},"end":{"line":597,"column":44}},"597":{"start":{"line":598,"column":0},"end":{"line":598,"column":34}},"598":{"start":{"line":599,"column":0},"end":{"line":599,"column":26}},"599":{"start":{"line":600,"column":0},"end":{"line":600,"column":57}},"600":{"start":{"line":601,"column":0},"end":{"line":601,"column":13}},"601":{"start":{"line":602,"column":0},"end":{"line":602,"column":18}},"602":{"start":{"line":603,"column":0},"end":{"line":603,"column":42}},"603":{"start":{"line":604,"column":0},"end":{"line":604,"column":55}},"604":{"start":{"line":605,"column":0},"end":{"line":605,"column":11}},"605":{"start":{"line":606,"column":0},"end":{"line":606,"column":9}},"606":{"start":{"line":607,"column":0},"end":{"line":607,"column":21}},"607":{"start":{"line":608,"column":0},"end":{"line":608,"column":40}},"608":{"start":{"line":609,"column":0},"end":{"line":609,"column":15}},"609":{"start":{"line":610,"column":0},"end":{"line":610,"column":59}},"610":{"start":{"line":611,"column":0},"end":{"line":611,"column":27}},"611":{"start":{"line":612,"column":0},"end":{"line":612,"column":21}},"612":{"start":{"line":613,"column":0},"end":{"line":613,"column":31}},"613":{"start":{"line":614,"column":0},"end":{"line":614,"column":58}},"614":{"start":{"line":615,"column":0},"end":{"line":615,"column":22}},"615":{"start":{"line":616,"column":0},"end":{"line":616,"column":11}},"616":{"start":{"line":617,"column":0},"end":{"line":617,"column":9}},"617":{"start":{"line":618,"column":0},"end":{"line":618,"column":44}},"618":{"start":{"line":619,"column":0},"end":{"line":619,"column":35}},"619":{"start":{"line":620,"column":0},"end":{"line":620,"column":38}},"621":{"start":{"line":622,"column":0},"end":{"line":622,"column":30}},"622":{"start":{"line":623,"column":0},"end":{"line":623,"column":15}},"623":{"start":{"line":624,"column":0},"end":{"line":624,"column":96}},"624":{"start":{"line":625,"column":0},"end":{"line":625,"column":30}},"625":{"start":{"line":626,"column":0},"end":{"line":626,"column":19}},"627":{"start":{"line":628,"column":0},"end":{"line":628,"column":11}},"628":{"start":{"line":629,"column":0},"end":{"line":629,"column":9}},"629":{"start":{"line":630,"column":0},"end":{"line":630,"column":7}},"630":{"start":{"line":631,"column":0},"end":{"line":631,"column":5}},"632":{"start":{"line":633,"column":0},"end":{"line":633,"column":52}},"635":{"start":{"line":636,"column":0},"end":{"line":636,"column":56}},"636":{"start":{"line":637,"column":0},"end":{"line":637,"column":28}},"637":{"start":{"line":638,"column":0},"end":{"line":638,"column":40}},"638":{"start":{"line":639,"column":0},"end":{"line":639,"column":5}},"640":{"start":{"line":641,"column":0},"end":{"line":641,"column":42}},"641":{"start":{"line":642,"column":0},"end":{"line":642,"column":11}},"642":{"start":{"line":643,"column":0},"end":{"line":643,"column":46}},"643":{"start":{"line":644,"column":0},"end":{"line":644,"column":15}},"645":{"start":{"line":646,"column":0},"end":{"line":646,"column":7}},"646":{"start":{"line":647,"column":0},"end":{"line":647,"column":5}},"647":{"start":{"line":648,"column":0},"end":{"line":648,"column":3}},"649":{"start":{"line":650,"column":0},"end":{"line":650,"column":39}},"650":{"start":{"line":651,"column":0},"end":{"line":651,"column":10}},"651":{"start":{"line":652,"column":0},"end":{"line":652,"column":36}},"652":{"start":{"line":653,"column":0},"end":{"line":653,"column":25}},"653":{"start":{"line":654,"column":0},"end":{"line":654,"column":24}},"654":{"start":{"line":655,"column":0},"end":{"line":655,"column":9}},"655":{"start":{"line":656,"column":0},"end":{"line":656,"column":11}},"656":{"start":{"line":657,"column":0},"end":{"line":657,"column":4}},"657":{"start":{"line":658,"column":0},"end":{"line":658,"column":1}},"665":{"start":{"line":666,"column":0},"end":{"line":666,"column":86}},"666":{"start":{"line":667,"column":0},"end":{"line":667,"column":32}},"667":{"start":{"line":668,"column":0},"end":{"line":668,"column":1}},"670":{"start":{"line":671,"column":0},"end":{"line":671,"column":47}},"672":{"start":{"line":673,"column":0},"end":{"line":673,"column":14}},"673":{"start":{"line":674,"column":0},"end":{"line":674,"column":72}},"674":{"start":{"line":675,"column":0},"end":{"line":675,"column":49}},"675":{"start":{"line":676,"column":0},"end":{"line":676,"column":47}},"677":{"start":{"line":678,"column":0},"end":{"line":678,"column":13}},"678":{"start":{"line":679,"column":0},"end":{"line":679,"column":27}},"679":{"start":{"line":680,"column":0},"end":{"line":680,"column":37}},"680":{"start":{"line":681,"column":0},"end":{"line":681,"column":32}},"681":{"start":{"line":682,"column":0},"end":{"line":682,"column":20}},"682":{"start":{"line":683,"column":0},"end":{"line":683,"column":5}},"683":{"start":{"line":684,"column":0},"end":{"line":684,"column":1}}},"s":{"0":0,"52":0,"53":0,"56":0,"57":0,"58":0,"59":0,"63":0,"66":0,"67":0,"68":0,"69":0,"70":0,"71":0,"72":0,"73":0,"74":0,"75":0,"76":0,"77":0,"78":0,"79":0,"80":0,"81":0,"82":0,"83":0,"84":0,"85":0,"86":0,"87":0,"88":0,"89":0,"90":0,"91":0,"92":0,"95":0,"96":0,"97":0,"98":0,"99":0,"100":0,"101":0,"102":0,"103":0,"104":0,"105":0,"106":0,"107":0,"108":0,"109":0,"110":0,"111":0,"112":0,"113":0,"114":0,"115":0,"118":0,"119":0,"120":0,"121":0,"122":0,"123":0,"124":0,"125":0,"127":0,"128":0,"129":0,"132":0,"133":0,"134":0,"136":0,"138":0,"139":0,"140":0,"141":0,"142":0,"143":0,"144":0,"145":0,"146":0,"148":0,"149":0,"150":0,"151":0,"152":0,"156":0,"157":0,"158":0,"160":0,"161":0,"162":0,"163":0,"164":0,"165":0,"166":0,"167":0,"169":0,"170":0,"171":0,"173":0,"174":0,"175":0,"176":0,"177":0,"179":0,"180":0,"181":0,"182":0,"183":0,"185":0,"186":0,"203":0,"204":0,"205":0,"206":0,"207":0,"209":0,"210":0,"211":0,"212":0,"213":0,"214":0,"215":0,"217":0,"218":0,"219":0,"220":0,"221":0,"222":0,"223":0,"233":0,"234":0,"235":0,"236":0,"237":0,"239":0,"240":0,"241":0,"244":0,"247":0,"248":0,"250":0,"252":0,"254":0,"255":0,"256":0,"257":0,"258":0,"259":0,"260":0,"261":0,"262":0,"263":0,"264":0,"265":0,"266":0,"268":0,"269":0,"270":0,"271":0,"272":0,"275":0,"276":0,"278":0,"279":0,"283":0,"284":0,"286":0,"288":0,"289":0,"290":0,"291":0,"294":0,"295":0,"296":0,"297":0,"298":0,"300":0,"301":0,"302":0,"303":0,"304":0,"305":0,"306":0,"307":0,"308":0,"309":0,"310":0,"311":0,"312":0,"313":0,"314":0,"315":0,"316":0,"317":0,"318":0,"319":0,"320":0,"321":0,"322":0,"324":0,"325":0,"326":0,"327":0,"328":0,"329":0,"330":0,"331":0,"332":0,"333":0,"335":0,"336":0,"337":0,"338":0,"339":0,"340":0,"341":0,"343":0,"344":0,"345":0,"346":0,"347":0,"349":0,"350":0,"351":0,"352":0,"354":0,"355":0,"356":0,"358":0,"359":0,"360":0,"363":0,"364":0,"365":0,"366":0,"367":0,"368":0,"369":0,"370":0,"372":0,"373":0,"374":0,"375":0,"376":0,"377":0,"378":0,"379":0,"380":0,"381":0,"382":0,"383":0,"384":0,"387":0,"388":0,"389":0,"391":0,"392":0,"393":0,"394":0,"396":0,"397":0,"398":0,"399":0,"400":0,"401":0,"402":0,"403":0,"404":0,"405":0,"406":0,"408":0,"409":0,"410":0,"411":0,"412":0,"414":0,"415":0,"416":0,"417":0,"418":0,"419":0,"420":0,"423":0,"424":0,"425":0,"426":0,"427":0,"428":0,"429":0,"431":0,"432":0,"433":0,"434":0,"436":0,"437":0,"438":0,"439":0,"442":0,"443":0,"444":0,"446":0,"447":0,"448":0,"449":0,"450":0,"451":0,"452":0,"453":0,"454":0,"455":0,"457":0,"458":0,"459":0,"460":0,"462":0,"463":0,"464":0,"465":0,"466":0,"467":0,"468":0,"469":0,"470":0,"471":0,"472":0,"473":0,"474":0,"477":0,"478":0,"479":0,"480":0,"481":0,"482":0,"483":0,"485":0,"486":0,"487":0,"488":0,"489":0,"490":0,"493":0,"494":0,"495":0,"497":0,"500":0,"501":0,"502":0,"503":0,"504":0,"505":0,"507":0,"508":0,"509":0,"510":0,"511":0,"512":0,"513":0,"514":0,"515":0,"516":0,"517":0,"518":0,"519":0,"520":0,"521":0,"522":0,"523":0,"524":0,"525":0,"526":0,"527":0,"528":0,"529":0,"530":0,"531":0,"532":0,"533":0,"534":0,"535":0,"536":0,"539":0,"542":0,"543":0,"544":0,"545":0,"546":0,"547":0,"548":0,"549":0,"552":0,"553":0,"554":0,"556":0,"557":0,"559":0,"560":0,"561":0,"562":0,"563":0,"564":0,"565":0,"567":0,"568":0,"569":0,"570":0,"571":0,"572":0,"573":0,"574":0,"575":0,"576":0,"577":0,"578":0,"580":0,"581":0,"582":0,"583":0,"584":0,"585":0,"586":0,"587":0,"588":0,"590":0,"591":0,"592":0,"593":0,"594":0,"595":0,"596":0,"597":0,"598":0,"599":0,"600":0,"601":0,"602":0,"603":0,"604":0,"605":0,"606":0,"607":0,"608":0,"609":0,"610":0,"611":0,"612":0,"613":0,"614":0,"615":0,"616":0,"617":0,"618":0,"619":0,"621":0,"622":0,"623":0,"624":0,"625":0,"627":0,"628":0,"629":0,"630":0,"632":0,"635":0,"636":0,"637":0,"638":0,"640":0,"641":0,"642":0,"643":0,"645":0,"646":0,"647":0,"649":0,"650":0,"651":0,"652":0,"653":0,"654":0,"655":0,"656":0,"657":0,"665":0,"666":0,"667":0,"670":0,"672":0,"673":0,"674":0,"675":0,"677":0,"678":0,"679":0,"680":0,"681":0,"682":0,"683":0},"branchMap":{"0":{"type":"branch","line":1,"loc":{"start":{"line":1,"column":20007},"end":{"line":684,"column":1}},"locations":[{"start":{"line":1,"column":20007},"end":{"line":684,"column":1}}]}},"b":{"0":[0]},"fnMap":{"0":{"name":"(empty-report)","decl":{"start":{"line":1,"column":20007},"end":{"line":684,"column":1}},"loc":{"start":{"line":1,"column":20007},"end":{"line":684,"column":1}},"line":1}},"f":{"0":0}}
,"C:\\Users\\Administrator\\Desktop\\novel_pipeline\\packages\\runners\\src\\batch-utils.test.ts": {"path":"C:\\Users\\Administrator\\Desktop\\novel_pipeline\\packages\\runners\\src\\batch-utils.test.ts","all":false,"statementMap":{"0":{"start":{"line":1,"column":0},"end":{"line":1,"column":3}},"10":{"start":{"line":11,"column":0},"end":{"line":11,"column":46}},"11":{"start":{"line":12,"column":0},"end":{"line":12,"column":83}},"15":{"start":{"line":16,"column":0},"end":{"line":16,"column":46}},"16":{"start":{"line":17,"column":0},"end":{"line":17,"column":10}},"17":{"start":{"line":18,"column":0},"end":{"line":18,"column":9}},"18":{"start":{"line":19,"column":0},"end":{"line":19,"column":39}},"19":{"start":{"line":20,"column":0},"end":{"line":20,"column":32}},"20":{"start":{"line":21,"column":0},"end":{"line":21,"column":37}},"21":{"start":{"line":22,"column":0},"end":{"line":22,"column":12}},"22":{"start":{"line":23,"column":0},"end":{"line":23,"column":19}},"23":{"start":{"line":24,"column":0},"end":{"line":24,"column":20}},"24":{"start":{"line":25,"column":0},"end":{"line":25,"column":23}},"25":{"start":{"line":26,"column":0},"end":{"line":26,"column":26}},"26":{"start":{"line":27,"column":0},"end":{"line":27,"column":22}},"27":{"start":{"line":28,"column":0},"end":{"line":28,"column":24}},"28":{"start":{"line":29,"column":0},"end":{"line":29,"column":25}},"29":{"start":{"line":30,"column":0},"end":{"line":30,"column":6}},"30":{"start":{"line":31,"column":0},"end":{"line":31,"column":4}},"31":{"start":{"line":32,"column":0},"end":{"line":32,"column":1}},"33":{"start":{"line":34,"column":0},"end":{"line":34,"column":46}},"34":{"start":{"line":35,"column":0},"end":{"line":35,"column":44}},"35":{"start":{"line":36,"column":0},"end":{"line":36,"column":61}},"36":{"start":{"line":37,"column":0},"end":{"line":37,"column":4}},"37":{"start":{"line":38,"column":0},"end":{"line":38,"column":1}},"41":{"start":{"line":42,"column":0},"end":{"line":42,"column":74}},"42":{"start":{"line":43,"column":0},"end":{"line":43,"column":28}},"43":{"start":{"line":44,"column":0},"end":{"line":44,"column":28}},"44":{"start":{"line":45,"column":0},"end":{"line":45,"column":38}},"45":{"start":{"line":46,"column":0},"end":{"line":46,"column":36}},"46":{"start":{"line":47,"column":0},"end":{"line":47,"column":5}},"47":{"start":{"line":48,"column":0},"end":{"line":48,"column":3}},"48":{"start":{"line":49,"column":0},"end":{"line":49,"column":14}},"49":{"start":{"line":50,"column":0},"end":{"line":50,"column":1}},"52":{"start":{"line":53,"column":0},"end":{"line":53,"column":96}},"53":{"start":{"line":54,"column":0},"end":{"line":54,"column":36}},"54":{"start":{"line":55,"column":0},"end":{"line":55,"column":32}},"55":{"start":{"line":56,"column":0},"end":{"line":56,"column":49}},"56":{"start":{"line":57,"column":0},"end":{"line":57,"column":29}},"57":{"start":{"line":58,"column":0},"end":{"line":58,"column":53}},"58":{"start":{"line":59,"column":0},"end":{"line":59,"column":3}},"59":{"start":{"line":60,"column":0},"end":{"line":60,"column":1}},"64":{"start":{"line":65,"column":0},"end":{"line":65,"column":41}},"65":{"start":{"line":66,"column":0},"end":{"line":66,"column":15}},"66":{"start":{"line":67,"column":0},"end":{"line":67,"column":12}},"67":{"start":{"line":68,"column":0},"end":{"line":68,"column":19}},"69":{"start":{"line":70,"column":0},"end":{"line":70,"column":25}},"70":{"start":{"line":71,"column":0},"end":{"line":71,"column":54}},"71":{"start":{"line":72,"column":0},"end":{"line":72,"column":5}},"73":{"start":{"line":74,"column":0},"end":{"line":74,"column":26}},"74":{"start":{"line":75,"column":0},"end":{"line":75,"column":31}},"75":{"start":{"line":76,"column":0},"end":{"line":76,"column":53}},"76":{"start":{"line":77,"column":0},"end":{"line":77,"column":36}},"77":{"start":{"line":78,"column":0},"end":{"line":78,"column":43}},"78":{"start":{"line":79,"column":0},"end":{"line":79,"column":46}},"79":{"start":{"line":80,"column":0},"end":{"line":80,"column":48}},"80":{"start":{"line":81,"column":0},"end":{"line":81,"column":5}},"82":{"start":{"line":83,"column":0},"end":{"line":83,"column":34}},"83":{"start":{"line":84,"column":0},"end":{"line":84,"column":31}},"84":{"start":{"line":85,"column":0},"end":{"line":85,"column":53}},"85":{"start":{"line":86,"column":0},"end":{"line":86,"column":36}},"86":{"start":{"line":87,"column":0},"end":{"line":87,"column":44}},"87":{"start":{"line":88,"column":0},"end":{"line":88,"column":46}},"88":{"start":{"line":89,"column":0},"end":{"line":89,"column":63}},"89":{"start":{"line":90,"column":0},"end":{"line":90,"column":5}},"91":{"start":{"line":92,"column":0},"end":{"line":92,"column":46}},"92":{"start":{"line":93,"column":0},"end":{"line":93,"column":31}},"93":{"start":{"line":94,"column":0},"end":{"line":94,"column":53}},"94":{"start":{"line":95,"column":0},"end":{"line":95,"column":36}},"95":{"start":{"line":96,"column":0},"end":{"line":96,"column":46}},"96":{"start":{"line":97,"column":0},"end":{"line":97,"column":62}},"97":{"start":{"line":98,"column":0},"end":{"line":98,"column":5}},"99":{"start":{"line":100,"column":0},"end":{"line":100,"column":46}},"100":{"start":{"line":101,"column":0},"end":{"line":101,"column":31}},"101":{"start":{"line":102,"column":0},"end":{"line":102,"column":53}},"102":{"start":{"line":103,"column":0},"end":{"line":103,"column":36}},"103":{"start":{"line":104,"column":0},"end":{"line":104,"column":46}},"104":{"start":{"line":105,"column":0},"end":{"line":105,"column":60}},"105":{"start":{"line":106,"column":0},"end":{"line":106,"column":5}},"107":{"start":{"line":108,"column":0},"end":{"line":108,"column":46}},"108":{"start":{"line":109,"column":0},"end":{"line":109,"column":31}},"109":{"start":{"line":110,"column":0},"end":{"line":110,"column":53}},"110":{"start":{"line":111,"column":0},"end":{"line":111,"column":36}},"111":{"start":{"line":112,"column":0},"end":{"line":112,"column":46}},"112":{"start":{"line":113,"column":0},"end":{"line":113,"column":77}},"113":{"start":{"line":114,"column":0},"end":{"line":114,"column":5}},"115":{"start":{"line":116,"column":0},"end":{"line":116,"column":49}},"116":{"start":{"line":117,"column":0},"end":{"line":117,"column":31}},"117":{"start":{"line":118,"column":0},"end":{"line":118,"column":53}},"118":{"start":{"line":119,"column":0},"end":{"line":119,"column":36}},"121":{"start":{"line":122,"column":0},"end":{"line":122,"column":46}},"122":{"start":{"line":123,"column":0},"end":{"line":123,"column":60}},"125":{"start":{"line":126,"column":0},"end":{"line":126,"column":46}},"126":{"start":{"line":127,"column":0},"end":{"line":127,"column":59}},"127":{"start":{"line":128,"column":0},"end":{"line":128,"column":55}},"128":{"start":{"line":129,"column":0},"end":{"line":129,"column":72}},"130":{"start":{"line":131,"column":0},"end":{"line":131,"column":36}},"131":{"start":{"line":132,"column":0},"end":{"line":132,"column":5}},"133":{"start":{"line":134,"column":0},"end":{"line":134,"column":39}},"134":{"start":{"line":135,"column":0},"end":{"line":135,"column":32}},"135":{"start":{"line":136,"column":0},"end":{"line":136,"column":53}},"136":{"start":{"line":137,"column":0},"end":{"line":137,"column":36}},"139":{"start":{"line":140,"column":0},"end":{"line":140,"column":46}},"140":{"start":{"line":141,"column":0},"end":{"line":141,"column":60}},"143":{"start":{"line":144,"column":0},"end":{"line":144,"column":46}},"144":{"start":{"line":145,"column":0},"end":{"line":145,"column":55}},"145":{"start":{"line":146,"column":0},"end":{"line":146,"column":57}},"146":{"start":{"line":147,"column":0},"end":{"line":147,"column":77}},"148":{"start":{"line":149,"column":0},"end":{"line":149,"column":36}},"149":{"start":{"line":150,"column":0},"end":{"line":150,"column":5}},"151":{"start":{"line":152,"column":0},"end":{"line":152,"column":33}},"152":{"start":{"line":153,"column":0},"end":{"line":153,"column":32}},"153":{"start":{"line":154,"column":0},"end":{"line":154,"column":53}},"154":{"start":{"line":155,"column":0},"end":{"line":155,"column":36}},"157":{"start":{"line":158,"column":0},"end":{"line":158,"column":46}},"158":{"start":{"line":159,"column":0},"end":{"line":159,"column":60}},"161":{"start":{"line":162,"column":0},"end":{"line":162,"column":46}},"162":{"start":{"line":163,"column":0},"end":{"line":163,"column":60}},"167":{"start":{"line":168,"column":0},"end":{"line":168,"column":63}},"168":{"start":{"line":169,"column":0},"end":{"line":169,"column":44}},"170":{"start":{"line":171,"column":0},"end":{"line":171,"column":36}},"171":{"start":{"line":172,"column":0},"end":{"line":172,"column":5}},"173":{"start":{"line":174,"column":0},"end":{"line":174,"column":26}},"174":{"start":{"line":175,"column":0},"end":{"line":175,"column":32}},"175":{"start":{"line":176,"column":0},"end":{"line":176,"column":53}},"176":{"start":{"line":177,"column":0},"end":{"line":177,"column":36}},"177":{"start":{"line":178,"column":0},"end":{"line":178,"column":36}},"178":{"start":{"line":179,"column":0},"end":{"line":179,"column":5}},"180":{"start":{"line":181,"column":0},"end":{"line":181,"column":35}},"181":{"start":{"line":182,"column":0},"end":{"line":182,"column":32}},"182":{"start":{"line":183,"column":0},"end":{"line":183,"column":53}},"183":{"start":{"line":184,"column":0},"end":{"line":184,"column":36}},"188":{"start":{"line":189,"column":0},"end":{"line":189,"column":46}},"189":{"start":{"line":190,"column":0},"end":{"line":190,"column":60}},"190":{"start":{"line":191,"column":0},"end":{"line":191,"column":57}},"191":{"start":{"line":192,"column":0},"end":{"line":192,"column":68}},"193":{"start":{"line":194,"column":0},"end":{"line":194,"column":36}},"194":{"start":{"line":195,"column":0},"end":{"line":195,"column":5}},"196":{"start":{"line":197,"column":0},"end":{"line":197,"column":35}},"197":{"start":{"line":198,"column":0},"end":{"line":198,"column":32}},"198":{"start":{"line":199,"column":0},"end":{"line":199,"column":53}},"199":{"start":{"line":200,"column":0},"end":{"line":200,"column":36}},"202":{"start":{"line":203,"column":0},"end":{"line":203,"column":46}},"203":{"start":{"line":204,"column":0},"end":{"line":204,"column":60}},"206":{"start":{"line":207,"column":0},"end":{"line":207,"column":46}},"207":{"start":{"line":208,"column":0},"end":{"line":208,"column":48}},"208":{"start":{"line":209,"column":0},"end":{"line":209,"column":49}},"209":{"start":{"line":210,"column":0},"end":{"line":210,"column":60}},"212":{"start":{"line":213,"column":0},"end":{"line":213,"column":46}},"213":{"start":{"line":214,"column":0},"end":{"line":214,"column":48}},"214":{"start":{"line":215,"column":0},"end":{"line":215,"column":49}},"215":{"start":{"line":216,"column":0},"end":{"line":216,"column":60}},"217":{"start":{"line":218,"column":0},"end":{"line":218,"column":36}},"218":{"start":{"line":219,"column":0},"end":{"line":219,"column":5}},"220":{"start":{"line":221,"column":0},"end":{"line":221,"column":39}},"221":{"start":{"line":222,"column":0},"end":{"line":222,"column":32}},"222":{"start":{"line":223,"column":0},"end":{"line":223,"column":53}},"223":{"start":{"line":224,"column":0},"end":{"line":224,"column":36}},"226":{"start":{"line":227,"column":0},"end":{"line":227,"column":46}},"227":{"start":{"line":228,"column":0},"end":{"line":228,"column":60}},"230":{"start":{"line":231,"column":0},"end":{"line":231,"column":46}},"231":{"start":{"line":232,"column":0},"end":{"line":232,"column":48}},"232":{"start":{"line":233,"column":0},"end":{"line":233,"column":49}},"233":{"start":{"line":234,"column":0},"end":{"line":234,"column":60}},"236":{"start":{"line":237,"column":0},"end":{"line":237,"column":46}},"237":{"start":{"line":238,"column":0},"end":{"line":238,"column":48}},"238":{"start":{"line":239,"column":0},"end":{"line":239,"column":49}},"239":{"start":{"line":240,"column":0},"end":{"line":240,"column":60}},"242":{"start":{"line":243,"column":0},"end":{"line":243,"column":46}},"243":{"start":{"line":244,"column":0},"end":{"line":244,"column":49}},"244":{"start":{"line":245,"column":0},"end":{"line":245,"column":49}},"245":{"start":{"line":246,"column":0},"end":{"line":246,"column":60}},"247":{"start":{"line":248,"column":0},"end":{"line":248,"column":36}},"248":{"start":{"line":249,"column":0},"end":{"line":249,"column":5}},"250":{"start":{"line":251,"column":0},"end":{"line":251,"column":30}},"251":{"start":{"line":252,"column":0},"end":{"line":252,"column":33}},"252":{"start":{"line":253,"column":0},"end":{"line":253,"column":53}},"253":{"start":{"line":254,"column":0},"end":{"line":254,"column":47}},"254":{"start":{"line":255,"column":0},"end":{"line":255,"column":36}},"257":{"start":{"line":258,"column":0},"end":{"line":258,"column":46}},"259":{"start":{"line":260,"column":0},"end":{"line":260,"column":50}},"260":{"start":{"line":261,"column":0},"end":{"line":261,"column":48}},"261":{"start":{"line":262,"column":0},"end":{"line":262,"column":5}},"262":{"start":{"line":263,"column":0},"end":{"line":263,"column":5}},"263":{"start":{"line":264,"column":0},"end":{"line":264,"column":3}},"268":{"start":{"line":269,"column":0},"end":{"line":269,"column":39}},"269":{"start":{"line":270,"column":0},"end":{"line":270,"column":33}},"270":{"start":{"line":271,"column":0},"end":{"line":271,"column":32}},"271":{"start":{"line":272,"column":0},"end":{"line":272,"column":49}},"272":{"start":{"line":273,"column":0},"end":{"line":273,"column":53}},"273":{"start":{"line":274,"column":0},"end":{"line":274,"column":36}},"276":{"start":{"line":277,"column":0},"end":{"line":277,"column":48}},"278":{"start":{"line":279,"column":0},"end":{"line":279,"column":50}},"279":{"start":{"line":280,"column":0},"end":{"line":280,"column":50}},"280":{"start":{"line":281,"column":0},"end":{"line":281,"column":5}},"281":{"start":{"line":282,"column":0},"end":{"line":282,"column":5}},"283":{"start":{"line":284,"column":0},"end":{"line":284,"column":49}},"284":{"start":{"line":285,"column":0},"end":{"line":285,"column":32}},"285":{"start":{"line":286,"column":0},"end":{"line":286,"column":76}},"286":{"start":{"line":287,"column":0},"end":{"line":287,"column":36}},"289":{"start":{"line":290,"column":0},"end":{"line":290,"column":54}},"290":{"start":{"line":291,"column":0},"end":{"line":291,"column":5}},"292":{"start":{"line":293,"column":0},"end":{"line":293,"column":32}},"293":{"start":{"line":294,"column":0},"end":{"line":294,"column":32}},"294":{"start":{"line":295,"column":0},"end":{"line":295,"column":49}},"295":{"start":{"line":296,"column":0},"end":{"line":296,"column":36}},"298":{"start":{"line":299,"column":0},"end":{"line":299,"column":46}},"299":{"start":{"line":300,"column":0},"end":{"line":300,"column":51}},"302":{"start":{"line":303,"column":0},"end":{"line":303,"column":46}},"303":{"start":{"line":304,"column":0},"end":{"line":304,"column":59}},"304":{"start":{"line":305,"column":0},"end":{"line":305,"column":51}},"305":{"start":{"line":306,"column":0},"end":{"line":306,"column":5}},"307":{"start":{"line":308,"column":0},"end":{"line":308,"column":50}},"308":{"start":{"line":309,"column":0},"end":{"line":309,"column":32}},"309":{"start":{"line":310,"column":0},"end":{"line":310,"column":49}},"310":{"start":{"line":311,"column":0},"end":{"line":311,"column":36}},"313":{"start":{"line":314,"column":0},"end":{"line":314,"column":50}},"314":{"start":{"line":315,"column":0},"end":{"line":315,"column":48}},"315":{"start":{"line":316,"column":0},"end":{"line":316,"column":5}},"316":{"start":{"line":317,"column":0},"end":{"line":317,"column":5}},"318":{"start":{"line":319,"column":0},"end":{"line":319,"column":30}},"319":{"start":{"line":320,"column":0},"end":{"line":320,"column":31}},"320":{"start":{"line":321,"column":0},"end":{"line":321,"column":49}},"321":{"start":{"line":322,"column":0},"end":{"line":322,"column":36}},"324":{"start":{"line":325,"column":0},"end":{"line":325,"column":46}},"325":{"start":{"line":326,"column":0},"end":{"line":326,"column":48}},"328":{"start":{"line":329,"column":0},"end":{"line":329,"column":46}},"329":{"start":{"line":330,"column":0},"end":{"line":330,"column":48}},"330":{"start":{"line":331,"column":0},"end":{"line":331,"column":48}},"331":{"start":{"line":332,"column":0},"end":{"line":332,"column":5}},"333":{"start":{"line":334,"column":0},"end":{"line":334,"column":54}},"334":{"start":{"line":335,"column":0},"end":{"line":335,"column":32}},"335":{"start":{"line":336,"column":0},"end":{"line":336,"column":87}},"336":{"start":{"line":337,"column":0},"end":{"line":337,"column":36}},"339":{"start":{"line":340,"column":0},"end":{"line":340,"column":50}},"340":{"start":{"line":341,"column":0},"end":{"line":341,"column":48}},"341":{"start":{"line":342,"column":0},"end":{"line":342,"column":56}},"342":{"start":{"line":343,"column":0},"end":{"line":343,"column":5}},"343":{"start":{"line":344,"column":0},"end":{"line":344,"column":5}},"344":{"start":{"line":345,"column":0},"end":{"line":345,"column":3}},"349":{"start":{"line":350,"column":0},"end":{"line":350,"column":40}},"350":{"start":{"line":351,"column":0},"end":{"line":351,"column":15}},"351":{"start":{"line":352,"column":0},"end":{"line":352,"column":12}},"352":{"start":{"line":353,"column":0},"end":{"line":353,"column":11}},"354":{"start":{"line":355,"column":0},"end":{"line":355,"column":37}},"355":{"start":{"line":356,"column":0},"end":{"line":356,"column":81}},"356":{"start":{"line":357,"column":0},"end":{"line":357,"column":33}},"357":{"start":{"line":358,"column":0},"end":{"line":358,"column":55}},"358":{"start":{"line":359,"column":0},"end":{"line":359,"column":40}},"359":{"start":{"line":360,"column":0},"end":{"line":360,"column":36}},"361":{"start":{"line":362,"column":0},"end":{"line":362,"column":45}},"363":{"start":{"line":364,"column":0},"end":{"line":364,"column":35}},"364":{"start":{"line":365,"column":0},"end":{"line":365,"column":5}},"365":{"start":{"line":366,"column":0},"end":{"line":366,"column":5}},"367":{"start":{"line":368,"column":0},"end":{"line":368,"column":38}},"368":{"start":{"line":369,"column":0},"end":{"line":369,"column":46}},"369":{"start":{"line":370,"column":0},"end":{"line":370,"column":33}},"370":{"start":{"line":371,"column":0},"end":{"line":371,"column":55}},"371":{"start":{"line":372,"column":0},"end":{"line":372,"column":32}},"372":{"start":{"line":373,"column":0},"end":{"line":373,"column":25}},"373":{"start":{"line":374,"column":0},"end":{"line":374,"column":43}},"374":{"start":{"line":375,"column":0},"end":{"line":375,"column":16}},"375":{"start":{"line":376,"column":0},"end":{"line":376,"column":60}},"376":{"start":{"line":377,"column":0},"end":{"line":377,"column":9}},"377":{"start":{"line":378,"column":0},"end":{"line":378,"column":7}},"378":{"start":{"line":379,"column":0},"end":{"line":379,"column":5}},"379":{"start":{"line":380,"column":0},"end":{"line":380,"column":5}},"381":{"start":{"line":382,"column":0},"end":{"line":382,"column":50}},"382":{"start":{"line":383,"column":0},"end":{"line":383,"column":32}},"383":{"start":{"line":384,"column":0},"end":{"line":384,"column":53}},"386":{"start":{"line":387,"column":0},"end":{"line":387,"column":47}},"389":{"start":{"line":390,"column":0},"end":{"line":390,"column":50}},"390":{"start":{"line":391,"column":0},"end":{"line":391,"column":50}},"391":{"start":{"line":392,"column":0},"end":{"line":392,"column":5}},"393":{"start":{"line":394,"column":0},"end":{"line":394,"column":79}},"394":{"start":{"line":395,"column":0},"end":{"line":395,"column":5}},"396":{"start":{"line":397,"column":0},"end":{"line":397,"column":32}},"397":{"start":{"line":398,"column":0},"end":{"line":398,"column":32}},"398":{"start":{"line":399,"column":0},"end":{"line":399,"column":53}},"400":{"start":{"line":401,"column":0},"end":{"line":401,"column":46}},"401":{"start":{"line":402,"column":0},"end":{"line":402,"column":85}},"402":{"start":{"line":403,"column":0},"end":{"line":403,"column":45}},"403":{"start":{"line":404,"column":0},"end":{"line":404,"column":43}},"404":{"start":{"line":405,"column":0},"end":{"line":405,"column":5}},"405":{"start":{"line":406,"column":0},"end":{"line":406,"column":5}},"407":{"start":{"line":408,"column":0},"end":{"line":408,"column":33}},"408":{"start":{"line":409,"column":0},"end":{"line":409,"column":58}},"409":{"start":{"line":410,"column":0},"end":{"line":410,"column":33}},"410":{"start":{"line":411,"column":0},"end":{"line":411,"column":55}},"411":{"start":{"line":412,"column":0},"end":{"line":412,"column":47}},"414":{"start":{"line":415,"column":0},"end":{"line":415,"column":18}},"415":{"start":{"line":416,"column":0},"end":{"line":416,"column":42}},"416":{"start":{"line":417,"column":0},"end":{"line":417,"column":7}},"419":{"start":{"line":420,"column":0},"end":{"line":420,"column":33}},"421":{"start":{"line":422,"column":0},"end":{"line":422,"column":65}},"422":{"start":{"line":423,"column":0},"end":{"line":423,"column":14}},"424":{"start":{"line":425,"column":0},"end":{"line":425,"column":69}},"425":{"start":{"line":426,"column":0},"end":{"line":426,"column":59}},"426":{"start":{"line":427,"column":0},"end":{"line":427,"column":78}},"427":{"start":{"line":428,"column":0},"end":{"line":428,"column":7}},"428":{"start":{"line":429,"column":0},"end":{"line":429,"column":5}},"429":{"start":{"line":430,"column":0},"end":{"line":430,"column":5}},"431":{"start":{"line":432,"column":0},"end":{"line":432,"column":45}},"432":{"start":{"line":433,"column":0},"end":{"line":433,"column":50}},"433":{"start":{"line":434,"column":0},"end":{"line":434,"column":33}},"434":{"start":{"line":435,"column":0},"end":{"line":435,"column":55}},"435":{"start":{"line":436,"column":0},"end":{"line":436,"column":32}},"436":{"start":{"line":437,"column":0},"end":{"line":437,"column":56}},"437":{"start":{"line":438,"column":0},"end":{"line":438,"column":61}},"438":{"start":{"line":439,"column":0},"end":{"line":439,"column":65}},"439":{"start":{"line":440,"column":0},"end":{"line":440,"column":22}},"440":{"start":{"line":441,"column":0},"end":{"line":441,"column":83}},"441":{"start":{"line":442,"column":0},"end":{"line":442,"column":11}},"442":{"start":{"line":443,"column":0},"end":{"line":443,"column":9}},"443":{"start":{"line":444,"column":0},"end":{"line":444,"column":7}},"444":{"start":{"line":445,"column":0},"end":{"line":445,"column":5}},"445":{"start":{"line":446,"column":0},"end":{"line":446,"column":5}},"446":{"start":{"line":447,"column":0},"end":{"line":447,"column":3}},"451":{"start":{"line":452,"column":0},"end":{"line":452,"column":35}},"452":{"start":{"line":453,"column":0},"end":{"line":453,"column":23}},"453":{"start":{"line":454,"column":0},"end":{"line":454,"column":47}},"454":{"start":{"line":455,"column":0},"end":{"line":455,"column":52}},"455":{"start":{"line":456,"column":0},"end":{"line":456,"column":5}},"457":{"start":{"line":458,"column":0},"end":{"line":458,"column":24}},"458":{"start":{"line":459,"column":0},"end":{"line":459,"column":31}},"459":{"start":{"line":460,"column":0},"end":{"line":460,"column":35}},"460":{"start":{"line":461,"column":0},"end":{"line":461,"column":43}},"461":{"start":{"line":462,"column":0},"end":{"line":462,"column":29}},"462":{"start":{"line":463,"column":0},"end":{"line":463,"column":5}},"463":{"start":{"line":464,"column":0},"end":{"line":464,"column":50}},"464":{"start":{"line":465,"column":0},"end":{"line":465,"column":32}},"465":{"start":{"line":466,"column":0},"end":{"line":466,"column":34}},"466":{"start":{"line":467,"column":0},"end":{"line":467,"column":35}},"467":{"start":{"line":468,"column":0},"end":{"line":468,"column":36}},"468":{"start":{"line":469,"column":0},"end":{"line":469,"column":5}},"470":{"start":{"line":471,"column":0},"end":{"line":471,"column":33}},"471":{"start":{"line":472,"column":0},"end":{"line":472,"column":70}},"472":{"start":{"line":473,"column":0},"end":{"line":473,"column":43}},"473":{"start":{"line":474,"column":0},"end":{"line":474,"column":5}},"475":{"start":{"line":476,"column":0},"end":{"line":476,"column":33}},"476":{"start":{"line":477,"column":0},"end":{"line":477,"column":90}},"477":{"start":{"line":478,"column":0},"end":{"line":478,"column":43}},"478":{"start":{"line":479,"column":0},"end":{"line":479,"column":5}},"480":{"start":{"line":481,"column":0},"end":{"line":481,"column":26}},"481":{"start":{"line":482,"column":0},"end":{"line":482,"column":48}},"482":{"start":{"line":483,"column":0},"end":{"line":483,"column":5}},"484":{"start":{"line":485,"column":0},"end":{"line":485,"column":26}},"485":{"start":{"line":486,"column":0},"end":{"line":486,"column":41}},"486":{"start":{"line":487,"column":0},"end":{"line":487,"column":5}},"488":{"start":{"line":489,"column":0},"end":{"line":489,"column":38}},"490":{"start":{"line":491,"column":0},"end":{"line":491,"column":47}},"491":{"start":{"line":492,"column":0},"end":{"line":492,"column":5}},"493":{"start":{"line":494,"column":0},"end":{"line":494,"column":33}},"495":{"start":{"line":496,"column":0},"end":{"line":496,"column":82}},"496":{"start":{"line":497,"column":0},"end":{"line":497,"column":37}},"497":{"start":{"line":498,"column":0},"end":{"line":498,"column":53}},"498":{"start":{"line":499,"column":0},"end":{"line":499,"column":5}},"500":{"start":{"line":501,"column":0},"end":{"line":501,"column":25}},"501":{"start":{"line":502,"column":0},"end":{"line":502,"column":80}},"502":{"start":{"line":503,"column":0},"end":{"line":503,"column":37}},"503":{"start":{"line":504,"column":0},"end":{"line":504,"column":41}},"504":{"start":{"line":505,"column":0},"end":{"line":505,"column":5}},"506":{"start":{"line":507,"column":0},"end":{"line":507,"column":26}},"507":{"start":{"line":508,"column":0},"end":{"line":508,"column":67}},"508":{"start":{"line":509,"column":0},"end":{"line":509,"column":37}},"509":{"start":{"line":510,"column":0},"end":{"line":510,"column":37}},"510":{"start":{"line":511,"column":0},"end":{"line":511,"column":5}},"512":{"start":{"line":513,"column":0},"end":{"line":513,"column":45}},"513":{"start":{"line":514,"column":0},"end":{"line":514,"column":66}},"514":{"start":{"line":515,"column":0},"end":{"line":515,"column":52}},"515":{"start":{"line":516,"column":0},"end":{"line":516,"column":5}},"517":{"start":{"line":518,"column":0},"end":{"line":518,"column":45}},"518":{"start":{"line":519,"column":0},"end":{"line":519,"column":70}},"519":{"start":{"line":520,"column":0},"end":{"line":520,"column":52}},"520":{"start":{"line":521,"column":0},"end":{"line":521,"column":5}},"522":{"start":{"line":523,"column":0},"end":{"line":523,"column":37}},"523":{"start":{"line":524,"column":0},"end":{"line":524,"column":67}},"524":{"start":{"line":525,"column":0},"end":{"line":525,"column":37}},"525":{"start":{"line":526,"column":0},"end":{"line":526,"column":38}},"526":{"start":{"line":527,"column":0},"end":{"line":527,"column":5}},"528":{"start":{"line":529,"column":0},"end":{"line":529,"column":32}},"529":{"start":{"line":530,"column":0},"end":{"line":530,"column":72}},"530":{"start":{"line":531,"column":0},"end":{"line":531,"column":37}},"531":{"start":{"line":532,"column":0},"end":{"line":532,"column":45}},"532":{"start":{"line":533,"column":0},"end":{"line":533,"column":5}},"534":{"start":{"line":535,"column":0},"end":{"line":535,"column":51}},"535":{"start":{"line":536,"column":0},"end":{"line":536,"column":66}},"536":{"start":{"line":537,"column":0},"end":{"line":537,"column":37}},"537":{"start":{"line":538,"column":0},"end":{"line":538,"column":37}},"538":{"start":{"line":539,"column":0},"end":{"line":539,"column":5}},"539":{"start":{"line":540,"column":0},"end":{"line":540,"column":3}},"544":{"start":{"line":545,"column":0},"end":{"line":545,"column":41}},"545":{"start":{"line":546,"column":0},"end":{"line":546,"column":27}},"546":{"start":{"line":547,"column":0},"end":{"line":547,"column":31}},"547":{"start":{"line":548,"column":0},"end":{"line":548,"column":57}},"548":{"start":{"line":549,"column":0},"end":{"line":549,"column":38}},"549":{"start":{"line":550,"column":0},"end":{"line":550,"column":52}},"550":{"start":{"line":551,"column":0},"end":{"line":551,"column":36}},"551":{"start":{"line":552,"column":0},"end":{"line":552,"column":36}},"552":{"start":{"line":553,"column":0},"end":{"line":553,"column":44}},"553":{"start":{"line":554,"column":0},"end":{"line":554,"column":5}},"555":{"start":{"line":556,"column":0},"end":{"line":556,"column":26}},"556":{"start":{"line":557,"column":0},"end":{"line":557,"column":31}},"557":{"start":{"line":558,"column":0},"end":{"line":558,"column":71}},"558":{"start":{"line":559,"column":0},"end":{"line":559,"column":43}},"559":{"start":{"line":560,"column":0},"end":{"line":560,"column":41}},"560":{"start":{"line":561,"column":0},"end":{"line":561,"column":52}},"561":{"start":{"line":562,"column":0},"end":{"line":562,"column":5}},"563":{"start":{"line":564,"column":0},"end":{"line":564,"column":28}},"564":{"start":{"line":565,"column":0},"end":{"line":565,"column":31}},"565":{"start":{"line":566,"column":0},"end":{"line":566,"column":59}},"566":{"start":{"line":567,"column":0},"end":{"line":567,"column":38}},"567":{"start":{"line":568,"column":0},"end":{"line":568,"column":44}},"568":{"start":{"line":569,"column":0},"end":{"line":569,"column":52}},"569":{"start":{"line":570,"column":0},"end":{"line":570,"column":47}},"570":{"start":{"line":571,"column":0},"end":{"line":571,"column":5}},"572":{"start":{"line":573,"column":0},"end":{"line":573,"column":27}},"573":{"start":{"line":574,"column":0},"end":{"line":574,"column":31}},"574":{"start":{"line":575,"column":0},"end":{"line":575,"column":68}},"575":{"start":{"line":576,"column":0},"end":{"line":576,"column":35}},"576":{"start":{"line":577,"column":0},"end":{"line":577,"column":42}},"577":{"start":{"line":578,"column":0},"end":{"line":578,"column":47}},"578":{"start":{"line":579,"column":0},"end":{"line":579,"column":5}},"580":{"start":{"line":581,"column":0},"end":{"line":581,"column":25}},"581":{"start":{"line":582,"column":0},"end":{"line":582,"column":31}},"582":{"start":{"line":583,"column":0},"end":{"line":583,"column":57}},"583":{"start":{"line":584,"column":0},"end":{"line":584,"column":38}},"584":{"start":{"line":585,"column":0},"end":{"line":585,"column":36}},"585":{"start":{"line":586,"column":0},"end":{"line":586,"column":37}},"586":{"start":{"line":587,"column":0},"end":{"line":587,"column":5}},"588":{"start":{"line":589,"column":0},"end":{"line":589,"column":37}},"589":{"start":{"line":590,"column":0},"end":{"line":590,"column":31}},"590":{"start":{"line":591,"column":0},"end":{"line":591,"column":32}},"591":{"start":{"line":592,"column":0},"end":{"line":592,"column":39}},"592":{"start":{"line":593,"column":0},"end":{"line":593,"column":29}},"593":{"start":{"line":594,"column":0},"end":{"line":594,"column":18}},"594":{"start":{"line":595,"column":0},"end":{"line":595,"column":7}},"595":{"start":{"line":596,"column":0},"end":{"line":596,"column":74}},"596":{"start":{"line":597,"column":0},"end":{"line":597,"column":5}},"598":{"start":{"line":599,"column":0},"end":{"line":599,"column":35}},"599":{"start":{"line":600,"column":0},"end":{"line":600,"column":46}},"600":{"start":{"line":601,"column":0},"end":{"line":601,"column":55}},"601":{"start":{"line":602,"column":0},"end":{"line":602,"column":58}},"602":{"start":{"line":603,"column":0},"end":{"line":603,"column":5}},"604":{"start":{"line":605,"column":0},"end":{"line":605,"column":26}},"605":{"start":{"line":606,"column":0},"end":{"line":606,"column":32}},"606":{"start":{"line":607,"column":0},"end":{"line":607,"column":55}},"607":{"start":{"line":608,"column":0},"end":{"line":608,"column":39}},"608":{"start":{"line":609,"column":0},"end":{"line":609,"column":36}},"609":{"start":{"line":610,"column":0},"end":{"line":610,"column":37}},"611":{"start":{"line":612,"column":0},"end":{"line":612,"column":35}},"612":{"start":{"line":613,"column":0},"end":{"line":613,"column":41}},"613":{"start":{"line":614,"column":0},"end":{"line":614,"column":5}},"614":{"start":{"line":615,"column":0},"end":{"line":615,"column":5}},"615":{"start":{"line":616,"column":0},"end":{"line":616,"column":3}}},"s":{"0":1,"10":1,"11":1,"15":915,"16":915,"17":915,"18":915,"19":915,"20":915,"21":915,"22":915,"23":915,"24":915,"25":915,"26":915,"27":915,"28":915,"29":915,"30":915,"31":915,"33":68,"34":68,"35":914,"36":68,"37":68,"41":30,"42":30,"43":30,"44":131,"45":531,"46":531,"47":131,"48":30,"49":30,"52":14,"53":14,"54":14,"55":14,"56":14,"57":262,"58":262,"59":14,"64":1,"65":1,"66":1,"67":1,"69":1,"70":1,"71":1,"73":1,"74":1,"75":1,"76":1,"77":1,"78":1,"79":1,"80":1,"82":1,"83":1,"84":1,"85":1,"86":1,"87":1,"88":1,"89":1,"91":1,"92":1,"93":1,"94":1,"95":1,"96":1,"97":1,"99":1,"100":1,"101":1,"102":1,"103":1,"104":1,"105":1,"107":1,"108":1,"109":1,"110":1,"111":1,"112":1,"113":1,"115":1,"116":1,"117":1,"118":1,"121":1,"122":1,"125":1,"126":1,"127":1,"128":1,"130":1,"131":1,"133":1,"134":1,"135":1,"136":1,"139":1,"140":1,"143":1,"144":1,"145":1,"146":1,"148":1,"149":1,"151":1,"152":1,"153":1,"154":1,"157":1,"158":1,"161":1,"162":1,"167":1,"168":1,"170":1,"171":1,"173":1,"174":1,"175":1,"176":1,"177":1,"178":1,"180":1,"181":1,"182":1,"183":1,"188":1,"189":1,"190":1,"191":1,"193":1,"194":1,"196":1,"197":1,"198":1,"199":1,"202":1,"203":1,"206":1,"207":1,"208":1,"209":1,"212":1,"213":1,"214":1,"215":1,"217":1,"218":1,"220":1,"221":1,"222":1,"223":1,"226":1,"227":1,"230":1,"231":1,"232":1,"233":1,"236":1,"237":1,"238":1,"239":1,"242":1,"243":1,"244":1,"245":1,"247":1,"248":1,"250":1,"251":1,"252":1,"253":1,"254":1,"257":1,"259":1,"260":18,"261":18,"262":1,"263":1,"268":1,"269":1,"270":1,"271":1,"272":1,"273":1,"276":1,"278":1,"279":6,"280":6,"281":1,"283":1,"284":1,"285":1,"286":1,"289":1,"290":1,"292":1,"293":1,"294":1,"295":1,"298":1,"299":1,"302":1,"303":1,"304":1,"305":1,"307":1,"308":1,"309":1,"310":1,"313":1,"314":4,"315":4,"316":1,"318":1,"319":1,"320":1,"321":1,"324":1,"325":1,"328":1,"329":1,"330":1,"331":1,"333":1,"334":1,"335":1,"336":1,"339":1,"340":2,"341":2,"342":2,"343":1,"344":1,"349":1,"350":1,"351":1,"352":1,"354":1,"355":1,"356":16,"357":16,"358":16,"359":16,"361":16,"363":16,"364":16,"365":1,"367":1,"368":1,"369":7,"370":7,"371":7,"372":13,"373":1,"374":13,"375":12,"376":12,"377":13,"378":7,"379":1,"381":1,"382":1,"383":1,"386":1,"389":1,"390":4,"391":4,"393":1,"394":1,"396":1,"397":1,"398":1,"400":1,"401":3,"402":3,"403":3,"404":3,"405":1,"407":1,"408":1,"409":9,"410":9,"411":9,"414":9,"415":9,"416":9,"419":9,"421":0,"422":9,"424":9,"425":9,"426":9,"427":9,"428":9,"429":1,"431":1,"432":1,"433":8,"434":8,"435":8,"436":23,"437":106,"438":106,"439":106,"440":83,"441":83,"442":106,"443":23,"444":8,"445":1,"446":1,"451":1,"452":1,"453":1,"454":1,"455":1,"457":1,"458":1,"459":1,"460":10,"461":10,"462":10,"463":1,"464":1,"465":1,"466":1,"467":1,"468":1,"470":1,"471":1,"472":1,"473":1,"475":1,"476":1,"477":1,"478":1,"480":1,"481":1,"482":1,"484":1,"485":1,"486":1,"488":1,"490":1,"491":1,"493":1,"495":1,"496":1,"497":1,"498":1,"500":1,"501":1,"502":1,"503":1,"504":1,"506":1,"507":1,"508":1,"509":1,"510":1,"512":1,"513":1,"514":1,"515":1,"517":1,"518":1,"519":1,"520":1,"522":1,"523":1,"524":1,"525":1,"526":1,"528":1,"529":1,"530":1,"531":1,"532":1,"534":1,"535":1,"536":1,"537":1,"538":1,"539":1,"544":1,"545":1,"546":1,"547":1,"548":1,"549":1,"550":1,"551":1,"552":1,"553":1,"555":1,"556":1,"557":1,"558":1,"559":1,"560":1,"561":1,"563":1,"564":1,"565":1,"566":1,"567":1,"568":1,"569":1,"570":1,"572":1,"573":1,"574":1,"575":1,"576":1,"577":1,"578":1,"580":1,"581":1,"582":1,"583":1,"584":1,"585":1,"586":1,"588":1,"589":1,"590":1,"591":1,"592":3,"593":3,"594":1,"595":1,"596":1,"598":1,"599":1,"600":1,"601":1,"602":1,"604":1,"605":1,"606":1,"607":1,"608":1,"609":1,"611":1,"612":10,"613":10,"614":1,"615":1},"branchMap":{"0":{"type":"branch","line":16,"loc":{"start":{"line":16,"column":0},"end":{"line":32,"column":1}},"locations":[{"start":{"line":16,"column":0},"end":{"line":32,"column":1}}]},"1":{"type":"branch","line":34,"loc":{"start":{"line":34,"column":0},"end":{"line":38,"column":1}},"locations":[{"start":{"line":34,"column":0},"end":{"line":38,"column":1}}]},"2":{"type":"branch","line":35,"loc":{"start":{"line":35,"column":35},"end":{"line":36,"column":61}},"locations":[{"start":{"line":35,"column":35},"end":{"line":36,"column":61}}]},"3":{"type":"branch","line":42,"loc":{"start":{"line":42,"column":0},"end":{"line":50,"column":1}},"locations"
[...]
n":0},"end":{"line":177,"column":45}},"177":{"start":{"line":178,"column":0},"end":{"line":178,"column":45}},"178":{"start":{"line":179,"column":0},"end":{"line":179,"column":5}},"180":{"start":{"line":181,"column":0},"end":{"line":181,"column":25}},"181":{"start":{"line":182,"column":0},"end":{"line":182,"column":46}},"182":{"start":{"line":183,"column":0},"end":{"line":183,"column":46}},"183":{"start":{"line":184,"column":0},"end":{"line":184,"column":5}},"185":{"start":{"line":186,"column":0},"end":{"line":186,"column":19}},"186":{"start":{"line":187,"column":0},"end":{"line":187,"column":37}},"187":{"start":{"line":188,"column":0},"end":{"line":188,"column":5}},"189":{"start":{"line":190,"column":0},"end":{"line":190,"column":23}},"190":{"start":{"line":191,"column":0},"end":{"line":191,"column":40}},"191":{"start":{"line":192,"column":0},"end":{"line":192,"column":5}},"192":{"start":{"line":193,"column":0},"end":{"line":193,"column":3}}},"s":{"0":1,"5":1,"14":1,"19":1,"20":1,"21":1,"22":1,"24":1,"25":1,"26":1,"28":1,"29":1,"30":1,"32":1,"34":1,"35":1,"37":1,"38":1,"39":1,"40":1,"45":1,"46":1,"47":1,"48":1,"50":1,"51":1,"52":1,"54":1,"55":1,"56":1,"57":1,"62":1,"63":1,"64":1,"65":1,"67":1,"68":1,"69":1,"71":1,"72":1,"73":1,"75":1,"76":1,"77":1,"78":1,"83":1,"84":1,"85":1,"86":1,"88":1,"89":1,"90":1,"92":1,"93":1,"94":1,"96":1,"97":1,"98":1,"99":1,"104":1,"105":1,"106":1,"107":1,"108":1,"109":1,"111":1,"112":1,"113":1,"114":1,"115":1,"120":1,"121":1,"122":1,"123":1,"125":1,"126":1,"127":1,"129":1,"130":1,"131":1,"133":1,"134":1,"135":1,"137":1,"138":1,"139":1,"141":1,"142":1,"143":1,"144":1,"146":1,"147":1,"148":1,"150":1,"151":1,"152":1,"153":1,"158":1,"159":1,"160":1,"161":1,"163":1,"164":1,"165":1,"167":1,"168":1,"169":1,"171":1,"172":1,"173":1,"175":1,"176":1,"177":1,"178":1,"180":1,"181":1,"182":1,"183":1,"185":1,"186":1,"187":1,"189":1,"190":1,"191":1,"192":1},"branchMap":{"0":{"type":"branch","line":20,"loc":{"start":{"line":20,"column":15},"end":{"line":41,"column":3}},"locations":[{"start":{"line":20,"column":15},"end":{"line":41,"column":3}}]},"1":{"type":"branch","line":21,"loc":{"start":{"line":21,"column":15},"end":{"line":23,"column":3}},"locations":[{"start":{"line":21,"column":15},"end":{"line":23,"column":3}}]},"2":{"type":"branch","line":25,"loc":{"start":{"line":25,"column":19},"end":{"line":27,"column":3}},"locations":[{"start":{"line":25,"column":19},"end":{"line":27,"column":3}}]},"3":{"type":"branch","line":29,"loc":{"start":{"line":29,"column":19},"end":{"line":31,"column":3}},"locations":[{"start":{"line":29,"column":19},"end":{"line":31,"column":3}}]},"4":{"type":"branch","line":33,"loc":{"start":{"line":33,"column":31},"end":{"line":36,"column":3}},"locations":[{"start":{"line":33,"column":31},"end":{"line":36,"column":3}}]},"5":{"type":"branch","line":38,"loc":{"start":{"line":38,"column":18},"end":{"line":40,"column":3}},"locations":[{"start":{"line":38,"column":18},"end":{"line":40,"column":3}}]},"6":{"type":"branch","line":46,"loc":{"start":{"line":46,"column":22},"end":{"line":58,"column":3}},"locations":[{"start":{"line":46,"column":22},"end":{"line":58,"column":3}}]},"7":{"type":"branch","line":47,"loc":{"start":{"line":47,"column":15},"end":{"line":49,"column":3}},"locations":[{"start":{"line":47,"column":15},"end":{"line":49,"column":3}}]},"8":{"type":"branch","line":51,"loc":{"start":{"line":51,"column":10},"end":{"line":53,"column":3}},"locations":[{"start":{"line":51,"column":10},"end":{"line":53,"column":3}}]},"9":{"type":"branch","line":55,"loc":{"start":{"line":55,"column":11},"end":{"line":57,"column":3}},"locations":[{"start":{"line":55,"column":11},"end":{"line":57,"column":3}}]},"10":{"type":"branch","line":63,"loc":{"start":{"line":63,"column":26},"end":{"line":79,"column":3}},"locations":[{"start":{"line":63,"column":26},"end":{"line":79,"column":3}}]},"11":{"type":"branch","line":64,"loc":{"start":{"line":64,"column":14},"end":{"line":66,"column":3}},"locations":[{"start":{"line":64,"column":14},"end":{"line":66,"column":3}}]},"12":{"type":"branch","line":68,"loc":{"start":{"line":68,"column":24},"end":{"line":70,"column":3}},"locations":[{"start":{"line":68,"column":24},"end":{"line":70,"column":3}}]},"13":{"type":"branch","line":72,"loc":{"start":{"line":72,"column":13},"end":{"line":74,"column":3}},"locations":[{"start":{"line":72,"column":13},"end":{"line":74,"column":3}}]},"14":{"type":"branch","line":76,"loc":{"start":{"line":76,"column":14},"end":{"line":78,"column":3}},"locations":[{"start":{"line":76,"column":14},"end":{"line":78,"column":3}}]},"15":{"type":"branch","line":84,"loc":{"start":{"line":84,"column":27},"end":{"line":100,"column":3}},"locations":[{"start":{"line":84,"column":27},"end":{"line":100,"column":3}}]},"16":{"type":"branch","line":85,"loc":{"start":{"line":85,"column":11},"end":{"line":87,"column":3}},"locations":[{"start":{"line":85,"column":11},"end":{"line":87,"column":3}}]},"17":{"type":"branch","line":89,"loc":{"start":{"line":89,"column":12},"end":{"line":91,"column":3}},"locations":[{"start":{"line":89,"column":12},"end":{"line":91,"column":3}}]},"18":{"type":"branch","line":93,"loc":{"start":{"line":93,"column":12},"end":{"line":95,"column":3}},"locations":[{"start":{"line":93,"column":12},"end":{"line":95,"column":3}}]},"19":{"type":"branch","line":97,"loc":{"start":{"line":97,"column":12},"end":{"line":99,"column":3}},"locations":[{"start":{"line":97,"column":12},"end":{"line":99,"column":3}}]},"20":{"type":"branch","line":105,"loc":{"start":{"line":105,"column":22},"end":{"line":116,"column":3}},"locations":[{"start":{"line":105,"column":22},"end":{"line":116,"column":3}}]},"21":{"type":"branch","line":106,"loc":{"start":{"line":106,"column":16},"end":{"line":110,"column":3}},"locations":[{"start":{"line":106,"column":16},"end":{"line":110,"column":3}}]},"22":{"type":"branch","line":112,"loc":{"start":{"line":112,"column":21},"end":{"line":115,"column":3}},"locations":[{"start":{"line":112,"column":21},"end":{"line":115,"column":3}}]},"23":{"type":"branch","line":121,"loc":{"start":{"line":121,"column":23},"end":{"line":154,"column":3}},"locations":[{"start":{"line":121,"column":23},"end":{"line":154,"column":3}}]},"24":{"type":"branch","line":122,"loc":{"start":{"line":122,"column":29},"end":{"line":124,"column":3}},"locations":[{"start":{"line":122,"column":29},"end":{"line":124,"column":3}}]},"25":{"type":"branch","line":126,"loc":{"start":{"line":126,"column":34},"end":{"line":128,"column":3}},"locations":[{"start":{"line":126,"column":34},"end":{"line":128,"column":3}}]},"26":{"type":"branch","line":130,"loc":{"start":{"line":130,"column":27},"end":{"line":132,"column":3}},"locations":[{"start":{"line":130,"column":27},"end":{"line":132,"column":3}}]},"27":{"type":"branch","line":134,"loc":{"start":{"line":134,"column":22},"end":{"line":136,"column":3}},"locations":[{"start":{"line":134,"column":22},"end":{"line":136,"column":3}}]},"28":{"type":"branch","line":138,"loc":{"start":{"line":138,"column":24},"end":{"line":140,"column":3}},"locations":[{"start":{"line":138,"column":24},"end":{"line":140,"column":3}}]},"29":{"type":"branch","line":142,"loc":{"start":{"line":142,"column":24},"end":{"line":145,"column":3}},"locations":[{"start":{"line":142,"column":24},"end":{"line":145,"column":3}}]},"30":{"type":"branch","line":147,"loc":{"start":{"line":147,"column":19},"end":{"line":149,"column":3}},"locations":[{"start":{"line":147,"column":19},"end":{"line":149,"column":3}}]},"31":{"type":"branch","line":151,"loc":{"start":{"line":151,"column":18},"end":{"line":153,"column":3}},"locations":[{"start":{"line":151,"column":18},"end":{"line":153,"column":3}}]},"32":{"type":"branch","line":159,"loc":{"start":{"line":159,"column":22},"end":{"line":193,"column":3}},"locations":[{"start":{"line":159,"column":22},"end":{"line":193,"column":3}}]},"33":{"type":"branch","line":160,"loc":{"start":{"line":160,"column":29},"end":{"line":162,"column":3}},"locations":[{"start":{"line":160,"column":29},"end":{"line":162,"column":3}}]},"34":{"type":"branch","line":164,"loc":{"start":{"line":164,"column":28},"end":{"line":166,"column":3}},"locations":[{"start":{"line":164,"column":28},"end":{"line":166,"column":3}}]},"35":{"type":"branch","line":168,"loc":{"start":{"line":168,"column":33},"end":{"line":170,"column":3}},"locations":[{"start":{"line":168,"column":33},"end":{"line":170,"column":3}}]},"36":{"type":"branch","line":172,"loc":{"start":{"line":172,"column":19},"end":{"line":174,"column":3}},"locations":[{"start":{"line":172,"column":19},"end":{"line":174,"column":3}}]},"37":{"type":"branch","line":176,"loc":{"start":{"line":176,"column":18},"end":{"line":179,"column":3}},"locations":[{"start":{"line":176,"column":18},"end":{"line":179,"column":3}}]},"38":{"type":"branch","line":181,"loc":{"start":{"line":181,"column":18},"end":{"line":184,"column":3}},"locations":[{"start":{"line":181,"column":18},"end":{"line":184,"column":3}}]},"39":{"type":"branch","line":186,"loc":{"start":{"line":186,"column":12},"end":{"line":188,"column":3}},"locations":[{"start":{"line":186,"column":12},"end":{"line":188,"column":3}}]},"40":{"type":"branch","line":190,"loc":{"start":{"line":190,"column":16},"end":{"line":192,"column":3}},"locations":[{"start":{"line":190,"column":16},"end":{"line":192,"column":3}}]}},"b":{"0":[1],"1":[1],"2":[1],"3":[1],"4":[1],"5":[1],"6":[1],"7":[1],"8":[1],"9":[1],"10":[1],"11":[1],"12":[1],"13":[1],"14":[1],"15":[1],"16":[1],"17":[1],"18":[1],"19":[1],"20":[1],"21":[1],"22":[1],"23":[1],"24":[1],"25":[1],"26":[1],"27":[1],"28":[1],"29":[1],"30":[1],"31":[1],"32":[1],"33":[1],"34":[1],"35":[1],"36":[1],"37":[1],"38":[1],"39":[1],"40":[1]},"fnMap":{},"f":{}}
,"C:\\Users\\Administrator\\Desktop\\novel_pipeline\\packages\\web\\src\\lib\\utils.ts": {"path":"C:\\Users\\Administrator\\Desktop\\novel_pipeline\\packages\\web\\src\\lib\\utils.ts","all":false,"statementMap":{"0":{"start":{"line":1,"column":0},"end":{"line":1,"column":45}},"3":{"start":{"line":4,"column":0},"end":{"line":4,"column":45}},"4":{"start":{"line":5,"column":0},"end":{"line":5,"column":31}},"5":{"start":{"line":6,"column":0},"end":{"line":6,"column":1}},"7":{"start":{"line":8,"column":0},"end":{"line":8,"column":46}},"8":{"start":{"line":9,"column":0},"end":{"line":9,"column":35}},"9":{"start":{"line":10,"column":0},"end":{"line":10,"column":1}},"11":{"start":{"line":12,"column":0},"end":{"line":12,"column":68}},"12":{"start":{"line":13,"column":0},"end":{"line":13,"column":26}},"13":{"start":{"line":14,"column":0},"end":{"line":14,"column":49}},"14":{"start":{"line":15,"column":0},"end":{"line":15,"column":1}},"16":{"start":{"line":17,"column":0},"end":{"line":17,"column":52}},"17":{"start":{"line":18,"column":0},"end":{"line":18,"column":34}},"18":{"start":{"line":19,"column":0},"end":{"line":19,"column":33}},"19":{"start":{"line":20,"column":0},"end":{"line":20,"column":40}},"20":{"start":{"line":21,"column":0},"end":{"line":21,"column":21}},"21":{"start":{"line":22,"column":0},"end":{"line":22,"column":33}},"22":{"start":{"line":23,"column":0},"end":{"line":23,"column":35}},"23":{"start":{"line":24,"column":0},"end":{"line":24,"column":19}},"24":{"start":{"line":25,"column":0},"end":{"line":25,"column":1}},"26":{"start":{"line":27,"column":0},"end":{"line":27,"column":37}},"27":{"start":{"line":28,"column":0},"end":{"line":28,"column":67}},"28":{"start":{"line":29,"column":0},"end":{"line":29,"column":1}},"30":{"start":{"line":31,"column":0},"end":{"line":31,"column":66}},"31":{"start":{"line":32,"column":0},"end":{"line":32,"column":28}},"32":{"start":{"line":33,"column":0},"end":{"line":33,"column":77}},"33":{"start":{"line":34,"column":0},"end":{"line":34,"column":1}},"35":{"start":{"line":36,"column":0},"end":{"line":36,"column":65}},"36":{"start":{"line":37,"column":0},"end":{"line":37,"column":44}},"37":{"start":{"line":38,"column":0},"end":{"line":38,"column":20}},"38":{"start":{"line":39,"column":0},"end":{"line":39,"column":34}},"39":{"start":{"line":40,"column":0},"end":{"line":40,"column":43}},"40":{"start":{"line":41,"column":0},"end":{"line":41,"column":40}},"41":{"start":{"line":42,"column":0},"end":{"line":42,"column":33}},"42":{"start":{"line":43,"column":0},"end":{"line":43,"column":33}},"43":{"start":{"line":44,"column":0},"end":{"line":44,"column":18}},"44":{"start":{"line":45,"column":0},"end":{"line":45,"column":1}}},"s":{"0":1,"3":1,"4":5,"5":5,"7":1,"8":3,"9":3,"11":1,"12":4,"13":3,"14":3,"16":1,"17":4,"18":4,"19":4,"20":4,"21":4,"22":4,"23":2,"24":2,"26":1,"27":2,"28":2,"30":1,"31":9,"32":9,"33":9,"35":1,"36":10,"37":7,"38":7,"39":7,"40":7,"41":10,"42":10,"43":3,"44":3},"branchMap":{"0":{"type":"branch","line":4,"loc":{"start":{"line":4,"column":7},"end":{"line":6,"column":1}},"locations":[{"start":{"line":4,"column":7},"end":{"line":6,"column":1}}]},"1":{"type":"branch","line":8,"loc":{"start":{"line":8,"column":7},"end":{"line":10,"column":1}},"locations":[{"start":{"line":8,"column":7},"end":{"line":10,"column":1}}]},"2":{"type":"branch","line":12,"loc":{"start":{"line":12,"column":7},"end":{"line":15,"column":1}},"locations":[{"start":{"line":12,"column":7},"end":{"line":15,"column":1}}]},"3":{"type":"branch","line":13,"loc":{"start":{"line":13,"column":14},"end":{"line":13,"column":26}},"locations":[{"start":{"line":13,"column":14},"end":{"line":13,"column":26}}]},"4":{"type":"branch","line":13,"loc":{"start":{"line":13,"column":21},"end":{"line":15,"column":1}},"locations":[{"start":{"line":13,"column":21},"end":{"line":15,"column":1}}]},"5":{"type":"branch","line":17,"loc":{"start":{"line":17,"column":7},"end":{"line":25,"column":1}},"locations":[{"start":{"line":17,"column":7},"end":{"line":25,"column":1}}]},"6":{"type":"branch","line":22,"loc":{"start":{"line":22,"column":13},"end":{"line":22,"column":33}},"locations":[{"start":{"line":22,"column":13},"end":{"line":22,"column":33}}]},"7":{"type":"branch","line":22,"loc":{"start":{"line":22,"column":29},"end":{"line":23,"column":20}},"locations":[{"start":{"line":22,"column":29},"end":{"line":23,"column":20}}]},"8":{"type":"branch","line":23,"loc":{"start":{"line":23,"column":13},"end":{"line":23,"column":35}},"locations":[{"start":{"line":23,"column":13},"end":{"line":23,"column":35}}]},"9":{"type":"branch","line":23,"loc":{"start":{"line":23,"column":31},"end":{"line":25,"column":1}},"locations":[{"start":{"line":23,"column":31},"end":{"line":25,"column":1}}]},"10":{"type":"branch","line":27,"loc":{"start":{"line":27,"column":7},"end":{"line":29,"column":1}},"locations":[{"start":{"line":27,"column":7},"end":{"line":29,"column":1}}]},"11":{"type":"branch","line":31,"loc":{"start":{"line":31,"column":7},"end":{"line":34,"column":1}},"locations":[{"start":{"line":31,"column":7},"end":{"line":34,"column":1}}]},"12":{"type":"branch","line":32,"loc":{"start":{"line":32,"column":17},"end":{"line":32,"column":28}},"locations":[{"start":{"line":32,"column":17},"end":{"line":32,"column":28}}]},"13":{"type":"branch","line":32,"loc":{"start":{"line":32,"column":24},"end":{"line":33,"column":22}},"locations":[{"start":{"line":32,"column":24},"end":{"line":33,"column":22}}]},"14":{"type":"branch","line":33,"loc":{"start":{"line":33,"column":14},"end":{"line":33,"column":69}},"locations":[{"start":{"line":33,"column":14},"end":{"line":33,"column":69}}]},"15":{"type":"branch","line":33,"loc":{"start":{"line":33,"column":49},"end":{"line":33,"column":61}},"locations":[{"start":{"line":33,"column":49},"end":{"line":33,"column":61}}]},"16":{"type":"branch","line":33,"loc":{"start":{"line":33,"column":57},"end":{"line":33,"column":62}},"locations":[{"start":{"line":33,"column":57},"end":{"line":33,"column":62}}]},"17":{"type":"branch","line":33,"loc":{"start":{"line":33,"column":63},"end":{"line":33,"column":77}},"locations":[{"start":{"line":33,"column":63},"end":{"line":33,"column":77}}]},"18":{"type":"branch","line":36,"loc":{"start":{"line":36,"column":7},"end":{"line":45,"column":1}},"locations":[{"start":{"line":36,"column":7},"end":{"line":45,"column":1}}]},"19":{"type":"branch","line":37,"loc":{"start":{"line":37,"column":11},"end":{"line":37,"column":33}},"locations":[{"start":{"line":37,"column":11},"end":{"line":37,"column":33}}]},"20":{"type":"branch","line":37,"loc":{"start":{"line":37,"column":33},"end":{"line":37,"column":44}},"locations":[{"start":{"line":37,"column":33},"end":{"line":37,"column":44}}]},"21":{"type":"branch","line":37,"loc":{"start":{"line":37,"column":40},"end":{"line":42,"column":16}},"locations":[{"start":{"line":37,"column":40},"end":{"line":42,"column":16}}]},"22":{"type":"branch","line":42,"loc":{"start":{"line":42,"column":9},"end":{"line":42,"column":33}},"locations":[{"start":{"line":42,"column":9},"end":{"line":42,"column":33}}]},"23":{"type":"branch","line":42,"loc":{"start":{"line":42,"column":27},"end":{"line":43,"column":16}},"locations":[{"start":{"line":42,"column":27},"end":{"line":43,"column":16}}]},"24":{"type":"branch","line":43,"loc":{"start":{"line":43,"column":9},"end":{"line":43,"column":33}},"locations":[{"start":{"line":43,"column":9},"end":{"line":43,"column":33}}]},"25":{"type":"branch","line":43,"loc":{"start":{"line":43,"column":28},"end":{"line":45,"column":1}},"locations":[{"start":{"line":43,"column":28},"end":{"line":45,"column":1}}]}},"b":{"0":[5],"1":[3],"2":[4],"3":[1],"4":[3],"5":[4],"6":[1],"7":[3],"8":[1],"9":[2],"10":[2],"11":[9],"12":[2],"13":[7],"14":[5],"15":[2],"16":[3],"17":[2],"18":[10],"19":[9],"20":[3],"21":[7],"22":[2],"23":[5],"24":[2],"25":[3]},"fnMap":{"0":{"name":"cn","decl":{"start":{"line":4,"column":7},"end":{"line":6,"column":1}},"loc":{"start":{"line":4,"column":7},"end":{"line":6,"column":1}},"line":4},"1":{"name":"formatNum","decl":{"start":{"line":8,"column":7},"end":{"line":10,"column":1}},"loc":{"start":{"line":8,"column":7},"end":{"line":10,"column":1}},"line":8},"2":{"name":"formatPercent","decl":{"start":{"line":12,"column":7},"end":{"line":15,"column":1}},"loc":{"start":{"line":12,"column":7},"end":{"line":15,"column":1}},"line":12},"3":{"name":"formatDuration","decl":{"start":{"line":17,"column":7},"end":{"line":25,"column":1}},"loc":{"start":{"line":17,"column":7},"end":{"line":25,"column":1}},"line":17},"4":{"name":"timestamp","decl":{"start":{"line":27,"column":7},"end":{"line":29,"column":1}},"loc":{"start":{"line":27,"column":7},"end":{"line":29,"column":1}},"line":27},"5":{"name":"readersTxt","decl":{"start":{"line":31,"column":7},"end":{"line":34,"column":1}},"loc":{"start":{"line":31,"column":7},"end":{"line":34,"column":1}},"line":31},"6":{"name":"secsHuman","decl":{"start":{"line":36,"column":7},"end":{"line":45,"column":1}},"loc":{"start":{"line":36,"column":7},"end":{"line":45,"column":1}},"line":36}},"f":{"0":5,"1":3,"2":4,"3":4,"4":2,"5":9,"6":10}}
,"C:\\Users\\Administrator\\Desktop\\novel_pipeline\\packages\\web\\src\\store\\app.ts": {"path":"C:\\Users\\Administrator\\Desktop\\novel_pipeline\\packages\\web\\src\\store\\app.ts","all":true,"statementMap":{"0":{"start":{"line":1,"column":0},"end":{"line":1,"column":33}},"11":{"start":{"line":12,"column":0},"end":{"line":12,"column":55}},"12":{"start":{"line":13,"column":0},"end":{"line":13,"column":14}},"13":{"start":{"line":14,"column":0},"end":{"line":14,"column":33}},"14":{"start":{"line":15,"column":0},"end":{"line":15,"column":24}},"15":{"start":{"line":16,"column":0},"end":{"line":16,"column":59}},"16":{"start":{"line":17,"column":0},"end":{"line":17,"column":4}}},"s":{"0":0,"11":0,"12":0,"13":0,"14":0,"15":0,"16":0},"branchMap":{"0":{"type":"branch","line":1,"loc":{"start":{"line":1,"column":454},"end":{"line":17,"column":4}},"locations":[{"start":{"line":1,"column":454},"end":{"line":17,"column":4}}]}},"b":{"0":[0]},"fnMap":{"0":{"name":"(empty-report)","decl":{"start":{"line":1,"column":454},"end":{"line":17,"column":4}},"loc":{"start":{"line":1,"column":454},"end":{"line":17,"column":4}},"line":1}},"f":{"0":0}}
}
